TN:
SF:utils-calculos.js
FN:3,validarNombreMinimo
FN:8,validarCamposHuesped
FN:27,documentoYaRegistrado
FN:29,(anonymous_3)
FN:32,registrarHuespedEnLista
FN:47,validarFechasReserva
FN:62,calcularNoches
FN:69,validarCapacidad
FN:74,tieneConflictoFechas
FN:78,(anonymous_9)
FN:91,filtrarActivasYFuturas
FN:95,(anonymous_11)
FN:103,ordenarPorFechaIngreso
FN:106,(anonymous_13)
FN:110,mensajeListadoVacio
FN:117,puedeRealizarCheckin
FN:128,realizarCheckin
FN:136,checkinEnFechaExacta
FN:175,obtenerCaracteristicasTipo
FN:180,listarVariacionesActivas
FN:182,(anonymous_20)
FN:185,validarVariacionSeleccionada
FN:190,variacionesDistintas
FN:192,(anonymous_23)
FN:198,formatearTelefono
FN:203,formatearContacto
FN:212,listarContactos
FN:217,mensajeContactosVacio
FN:224,parsearHora
FN:229,esSalidaTardia
FN:235,calcularCargoLate
FN:240,puedeRealizarCheckout
FNF:32
FNH:0
FNDA:0,validarNombreMinimo
FNDA:0,validarCamposHuesped
FNDA:0,documentoYaRegistrado
FNDA:0,(anonymous_3)
FNDA:0,registrarHuespedEnLista
FNDA:0,validarFechasReserva
FNDA:0,calcularNoches
FNDA:0,validarCapacidad
FNDA:0,tieneConflictoFechas
FNDA:0,(anonymous_9)
FNDA:0,filtrarActivasYFuturas
FNDA:0,(anonymous_11)
FNDA:0,ordenarPorFechaIngreso
FNDA:0,(anonymous_13)
FNDA:0,mensajeListadoVacio
FNDA:0,puedeRealizarCheckin
FNDA:0,realizarCheckin
FNDA:0,checkinEnFechaExacta
FNDA:0,obtenerCaracteristicasTipo
FNDA:0,listarVariacionesActivas
FNDA:0,(anonymous_20)
FNDA:0,validarVariacionSeleccionada
FNDA:0,variacionesDistintas
FNDA:0,(anonymous_23)
FNDA:0,formatearTelefono
FNDA:0,formatearContacto
FNDA:0,listarContactos
FNDA:0,mensajeContactosVacio
FNDA:0,parsearHora
FNDA:0,esSalidaTardia
FNDA:0,calcularCargoLate
FNDA:0,puedeRealizarCheckout
DA:4,0
DA:5,0
DA:9,0
DA:10,0
DA:12,0
DA:13,0
DA:15,0
DA:16,0
DA:18,0
DA:19,0
DA:21,0
DA:22,0
DA:24,0
DA:28,0
DA:29,0
DA:33,0
DA:34,0
DA:35,0
DA:37,0
DA:38,0
DA:40,0
DA:41,0
DA:42,0
DA:48,0
DA:49,0
DA:51,0
DA:52,0
DA:53,0
DA:54,0
DA:56,0
DA:57,0
DA:59,0
DA:63,0
DA:64,0
DA:65,0
DA:66,0
DA:70,0
DA:71,0
DA:75,0
DA:76,0
DA:77,0
DA:78,0
DA:79,0
DA:80,0
DA:81,0
DA:87,0
DA:88,0
DA:89,0
DA:92,0
DA:93,0
DA:94,0
DA:95,0
DA:96,0
DA:97,0
DA:98,0
DA:99,0
DA:104,0
DA:105,0
DA:106,0
DA:111,0
DA:112,0
DA:118,0
DA:119,0
DA:120,0
DA:122,0
DA:123,0
DA:125,0
DA:129,0
DA:130,0
DA:131,0
DA:133,0
DA:137,0
DA:138,0
DA:139,0
DA:148,0
DA:176,0
DA:177,0
DA:181,0
DA:182,0
DA:186,0
DA:187,0
DA:191,0
DA:192,0
DA:193,0
DA:199,0
DA:200,0
DA:204,0
DA:205,0
DA:213,0
DA:214,0
DA:218,0
DA:219,0
DA:225,0
DA:226,0
DA:230,0
DA:231,0
DA:232,0
DA:236,0
DA:237,0
DA:241,0
DA:242,0
DA:244,0
DA:245,0
DA:247,0
DA:250,0
LF:105
LH:0
BRDA:4,0,0,0
BRDA:4,0,1,0
BRDA:4,1,0,0
BRDA:4,1,1,0
BRDA:9,2,0,0
BRDA:9,2,1,0
BRDA:12,3,0,0
BRDA:12,3,1,0
BRDA:12,4,0,0
BRDA:12,4,1,0
BRDA:15,5,0,0
BRDA:15,5,1,0
BRDA:15,6,0,0
BRDA:15,6,1,0
BRDA:18,7,0,0
BRDA:18,7,1,0
BRDA:18,8,0,0
BRDA:18,8,1,0
BRDA:21,9,0,0
BRDA:21,9,1,0
BRDA:21,10,0,0
BRDA:21,10,1,0
BRDA:28,11,0,0
BRDA:28,11,1,0
BRDA:28,12,0,0
BRDA:28,12,1,0
BRDA:34,13,0,0
BRDA:34,13,1,0
BRDA:37,14,0,0
BRDA:37,14,1,0
BRDA:48,15,0,0
BRDA:48,15,1,0
BRDA:48,16,0,0
BRDA:48,16,1,0
BRDA:53,17,0,0
BRDA:53,17,1,0
BRDA:53,18,0,0
BRDA:53,18,1,0
BRDA:56,19,0,0
BRDA:56,19,1,0
BRDA:70,20,0,0
BRDA:70,20,1,0
BRDA:70,21,0,0
BRDA:70,21,1,0
BRDA:75,22,0,0
BRDA:75,22,1,0
BRDA:75,23,0,0
BRDA:75,23,1,0
BRDA:81,24,0,0
BRDA:81,24,1,0
BRDA:92,25,0,0
BRDA:92,25,1,0
BRDA:92,26,0,0
BRDA:92,26,1,0
BRDA:96,27,0,0
BRDA:96,27,1,0
BRDA:99,28,0,0
BRDA:99,28,1,0
BRDA:104,29,0,0
BRDA:104,29,1,0
BRDA:111,30,0,0
BRDA:111,30,1,0
BRDA:111,31,0,0
BRDA:111,31,1,0
BRDA:118,32,0,0
BRDA:118,32,1,0
BRDA:119,33,0,0
BRDA:119,33,1,0
BRDA:122,34,0,0
BRDA:122,34,1,0
BRDA:130,35,0,0
BRDA:130,35,1,0
BRDA:140,36,0,0
BRDA:140,36,1,0
BRDA:140,36,2,0
BRDA:176,37,0,0
BRDA:176,37,1,0
BRDA:177,38,0,0
BRDA:177,38,1,0
BRDA:181,39,0,0
BRDA:181,39,1,0
BRDA:181,40,0,0
BRDA:181,40,1,0
BRDA:186,41,0,0
BRDA:186,41,1,0
BRDA:186,42,0,0
BRDA:186,42,1,0
BRDA:186,42,2,0
BRDA:191,43,0,0
BRDA:191,43,1,0
BRDA:191,44,0,0
BRDA:191,44,1,0
BRDA:199,45,0,0
BRDA:199,45,1,0
BRDA:199,46,0,0
BRDA:199,46,1,0
BRDA:204,47,0,0
BRDA:204,47,1,0
BRDA:213,48,0,0
BRDA:213,48,1,0
BRDA:213,49,0,0
BRDA:213,49,1,0
BRDA:218,50,0,0
BRDA:218,50,1,0
BRDA:218,51,0,0
BRDA:218,51,1,0
BRDA:236,52,0,0
BRDA:236,52,1,0
BRDA:241,53,0,0
BRDA:241,53,1,0
BRDA:241,54,0,0
BRDA:241,54,1,0
BRDA:244,55,0,0
BRDA:244,55,1,0
BRF:114
BRH:0
end_of_record
