{"C:\\Users\\USUARIO\\Documents\\5_SEMESTRE\\Taller de Diseño de Software I\\isw-213-examen\\Code\\client\\componentes\\estancias\\FormularioCheckin.tsx": {"path":"C:\\Users\\USUARIO\\Documents\\5_SEMESTRE\\Taller de Diseño de Software I\\isw-213-examen\\Code\\client\\componentes\\estancias\\FormularioCheckin.tsx","statementMap":{"0":{"start":{"line":1,"column":0},"end":{"line":1,"column":50}},"1":{"start":{"line":2,"column":0},"end":{"line":2,"column":33}},"2":{"start":{"line":3,"column":0},"end":{"line":3,"column":47}},"3":{"start":{"line":4,"column":0},"end":{"line":4,"column":49}},"4":{"start":{"line":5,"column":0},"end":{"line":5,"column":41}},"5":{"start":{"line":6,"column":0},"end":{"line":6,"column":43}},"6":{"start":{"line":7,"column":0},"end":{"line":7,"column":47}},"7":{"start":{"line":30,"column":17},"end":{"line":40,"column":4}},"8":{"start":{"line":43,"column":22},"end":{"line":43,"column":54}},"9":{"start":{"line":44,"column":4},"end":{"line":55,"column":5}},"10":{"start":{"line":45,"column":33},"end":{"line":46,"column":null}},"11":{"start":{"line":46,"column":26},"end":{"line":46,"column":56}},"12":{"start":{"line":48,"column":6},"end":{"line":52,"column":9}},"13":{"start":{"line":54,"column":6},"end":{"line":54,"column":63}},"14":{"start":{"line":58,"column":20},"end":{"line":72,"column":3}},"15":{"start":{"line":59,"column":25},"end":{"line":59,"column":35}},"16":{"start":{"line":60,"column":4},"end":{"line":63,"column":5}},"17":{"start":{"line":61,"column":6},"end":{"line":61,"column":72}},"18":{"start":{"line":62,"column":6},"end":{"line":62,"column":13}},"19":{"start":{"line":65,"column":18},"end":{"line":65,"column":39}},"20":{"start":{"line":66,"column":22},"end":{"line":68,"column":null}},"21":{"start":{"line":68,"column":8},"end":{"line":68,"column":79}},"22":{"start":{"line":71,"column":4},"end":{"line":71,"column":71}},"23":{"start":{"line":74,"column":14},"end":{"line":97,"column":3}},"24":{"start":{"line":75,"column":4},"end":{"line":75,"column":28}},"25":{"start":{"line":76,"column":57},"end":{"line":76,"column":67}},"26":{"start":{"line":78,"column":4},"end":{"line":80,"column":5}},"27":{"start":{"line":79,"column":6},"end":{"line":79,"column":13}},"28":{"start":{"line":82,"column":4},"end":{"line":82,"column":64}},"29":{"start":{"line":83,"column":22},"end":{"line":86,"column":6}},"30":{"start":{"line":88,"column":4},"end":{"line":96,"column":5}},"31":{"start":{"line":89,"column":6},"end":{"line":93,"column":9}},"32":{"start":{"line":95,"column":6},"end":{"line":95,"column":63}},"33":{"start":{"line":110,"column":8},"end":{"line":110,"column":18}},"34":{"start":{"line":111,"column":4},"end":{"line":113,"column":5}},"35":{"start":{"line":112,"column":6},"end":{"line":112,"column":26}},"36":{"start":{"line":115,"column":32},"end":{"line":115,"column":72}},"37":{"start":{"line":115,"column":53},"end":{"line":115,"column":71}},"38":{"start":{"line":117,"column":4},"end":{"line":245,"column":6}},"39":{"start":{"line":140,"column":34},"end":{"line":140,"column":75}},"40":{"start":{"line":153,"column":16},"end":{"line":154,"column":null}},"41":{"start":{"line":160,"column":33},"end":{"line":160,"column":73}},"42":{"start":{"line":224,"column":14},"end":{"line":224,"column":68}},"43":{"start":{"line":234,"column":14},"end":{"line":234,"column":67}},"44":{"start":{"line":29,"column":0},"end":{"line":29,"column":13}}},"fnMap":{"0":{"name":"(anonymous_1)","decl":{"start":{"line":42,"column":2},"end":{"line":42,"column":7}},"loc":{"start":{"line":42,"column":25},"end":{"line":56,"column":3}}},"1":{"name":"(anonymous_2)","decl":{"start":{"line":46,"column":8},"end":{"line":46,"column":9}},"loc":{"start":{"line":46,"column":26},"end":{"line":46,"column":56}}},"2":{"name":"(anonymous_3)","decl":{"start":{"line":58,"column":20},"end":{"line":58,"column":21}},"loc":{"start":{"line":58,"column":40},"end":{"line":72,"column":3}}},"3":{"name":"(anonymous_4)","decl":{"start":{"line":67,"column":6},"end":{"line":67,"column":7}},"loc":{"start":{"line":68,"column":8},"end":{"line":68,"column":79}}},"4":{"name":"(anonymous_5)","decl":{"start":{"line":74,"column":14},"end":{"line":74,"column":19}},"loc":{"start":{"line":74,"column":47},"end":{"line":97,"column":3}}},"5":{"name":"(anonymous_6)","decl":{"start":{"line":99,"column":2},"end":{"line":99,"column":8}},"loc":{"start":{"line":99,"column":8},"end":{"line":246,"column":3}}},"6":{"name":"(anonymous_7)","decl":{"start":{"line":115,"column":46},"end":{"line":115,"column":47}},"loc":{"start":{"line":115,"column":53},"end":{"line":115,"column":71}}},"7":{"name":"(anonymous_8)","decl":{"start":{"line":140,"column":22},"end":{"line":140,"column":23}},"loc":{"start":{"line":140,"column":34},"end":{"line":140,"column":75}}},"8":{"name":"(anonymous_9)","decl":{"start":{"line":152,"column":37},"end":{"line":152,"column":38}},"loc":{"start":{"line":153,"column":16},"end":{"line":154,"column":null}}},"9":{"name":"(anonymous_10)","decl":{"start":{"line":160,"column":27},"end":{"line":160,"column":30}},"loc":{"start":{"line":160,"column":33},"end":{"line":160,"column":73}}},"10":{"name":"(anonymous_11)","decl":{"start":{"line":223,"column":22},"end":{"line":223,"column":23}},"loc":{"start":{"line":224,"column":14},"end":{"line":224,"column":68}}},"11":{"name":"(anonymous_12)","decl":{"start":{"line":233,"column":22},"end":{"line":233,"column":23}},"loc":{"start":{"line":234,"column":14},"end":{"line":234,"column":67}}}},"branchMap":{"0":{"loc":{"start":{"line":44,"column":4},"end":{"line":55,"column":5}},"type":"if","locations":[{"start":{"line":44,"column":4},"end":{"line":55,"column":5}},{"start":{"line":53,"column":11},"end":{"line":55,"column":5}}]},"1":{"loc":{"start":{"line":60,"column":4},"end":{"line":63,"column":5}},"type":"if","locations":[{"start":{"line":60,"column":4},"end":{"line":63,"column":5}}]},"2":{"loc":{"start":{"line":68,"column":8},"end":{"line":68,"column":79}},"type":"binary-expr","locations":[{"start":{"line":68,"column":8},"end":{"line":68,"column":45}},{"start":{"line":68,"column":49},"end":{"line":68,"column":79}}]},"3":{"loc":{"start":{"line":78,"column":4},"end":{"line":80,"column":5}},"type":"if","locations":[{"start":{"line":78,"column":4},"end":{"line":80,"column":5}}]},"4":{"loc":{"start":{"line":84,"column":21},"end":{"line":84,"column":47}},"type":"binary-expr","locations":[{"start":{"line":84,"column":21},"end":{"line":84,"column":34}},{"start":{"line":84,"column":38},"end":{"line":84,"column":47}}]},"5":{"loc":{"start":{"line":85,"column":22},"end":{"line":85,"column":49}},"type":"binary-expr","locations":[{"start":{"line":85,"column":22},"end":{"line":85,"column":36}},{"start":{"line":85,"column":40},"end":{"line":85,"column":49}}]},"6":{"loc":{"start":{"line":88,"column":4},"end":{"line":96,"column":5}},"type":"if","locations":[{"start":{"line":88,"column":4},"end":{"line":96,"column":5}},{"start":{"line":94,"column":11},"end":{"line":96,"column":5}}]},"7":{"loc":{"start":{"line":111,"column":4},"end":{"line":113,"column":5}},"type":"if","locations":[{"start":{"line":111,"column":4},"end":{"line":113,"column":5}}]},"8":{"loc":{"start":{"line":111,"column":8},"end":{"line":111,"column":41}},"type":"binary-expr","locations":[{"start":{"line":111,"column":8},"end":{"line":111,"column":16}},{"start":{"line":111,"column":20},"end":{"line":111,"column":41}}]},"9":{"loc":{"start":{"line":121,"column":9},"end":{"line":125,"column":null}},"type":"binary-expr","locations":[{"start":{"line":121,"column":9},"end":{"line":121,"column":14}},{"start":{"line":122,"column":10},"end":{"line":124,"column":null}}]},"10":{"loc":{"start":{"line":127,"column":9},"end":{"line":131,"column":null}},"type":"binary-expr","locations":[{"start":{"line":127,"column":9},"end":{"line":127,"column":14}},{"start":{"line":128,"column":10},"end":{"line":130,"column":null}}]},"11":{"loc":{"start":{"line":144,"column":9},"end":{"line":184,"column":null}},"type":"binary-expr","locations":[{"start":{"line":144,"column":9},"end":{"line":144,"column":37}},{"start":{"line":145,"column":10},"end":{"line":183,"column":null}}]},"12":{"loc":{"start":{"line":148,"column":15},"end":{"line":148,"column":56}},"type":"cond-expr","locations":[{"start":{"line":148,"column":48},"end":{"line":148,"column":51}},{"start":{"line":148,"column":54},"end":{"line":148,"column":56}}]},"13":{"loc":{"start":{"line":149,"column":15},"end":{"line":149,"column":56}},"type":"cond-expr","locations":[{"start":{"line":149,"column":48},"end":{"line":149,"column":51}},{"start":{"line":149,"column":54},"end":{"line":149,"column":56}}]},"14":{"loc":{"start":{"line":156,"column":20},"end":{"line":158,"column":null}},"type":"cond-expr","locations":[{"start":{"line":157,"column":24},"end":{"line":157,"column":70}},{"start":{"line":158,"column":24},"end":{"line":158,"column":null}}]},"15":{"loc":{"start":{"line":166,"column":28},"end":{"line":166,"column":74}},"type":"binary-expr","locations":[{"start":{"line":166,"column":28},"end":{"line":166,"column":65}},{"start":{"line":166,"column":69},"end":{"line":166,"column":74}}]},"16":{"loc":{"start":{"line":169,"column":23},"end":{"line":169,"column":61}},"type":"binary-expr","locations":[{"start":{"line":169,"column":23},"end":{"line":169,"column":55}},{"start":{"line":169,"column":59},"end":{"line":169,"column":61}}]},"17":{"loc":{"start":{"line":170,"column":23},"end":{"line":170,"column":63}},"type":"binary-expr","locations":[{"start":{"line":170,"column":23},"end":{"line":170,"column":57}},{"start":{"line":170,"column":61},"end":{"line":170,"column":63}}]},"18":{"loc":{"start":{"line":176,"column":19},"end":{"line":179,"column":null}},"type":"binary-expr","locations":[{"start":{"line":176,"column":19},"end":{"line":176,"column":43}},{"start":{"line":177,"column":20},"end":{"line":177,"column":null}}]},"19":{"loc":{"start":{"line":187,"column":9},"end":{"line":190,"column":null}},"type":"binary-expr","locations":[{"start":{"line":187,"column":9},"end":{"line":187,"column":17}},{"start":{"line":187,"column":21},"end":{"line":187,"column":51}},{"start":{"line":188,"column":10},"end":{"line":189,"column":null}}]},"20":{"loc":{"start":{"line":193,"column":9},"end":{"line":216,"column":null}},"type":"binary-expr","locations":[{"start":{"line":193,"column":9},"end":{"line":193,"column":28}},{"start":{"line":194,"column":10},"end":{"line":215,"column":null}}]},"21":{"loc":{"start":{"line":207,"column":17},"end":{"line":207,"column":75}},"type":"binary-expr","locations":[{"start":{"line":207,"column":17},"end":{"line":207,"column":66}},{"start":{"line":207,"column":70},"end":{"line":207,"column":75}}]}},"s":{"0":0,"1":0,"2":0,"3":0,"4":0,"5":0,"6":0,"7":0,"8":0,"9":0,"10":0,"11":0,"12":0,"13":0,"14":0,"15":0,"16":0,"17":0,"18":0,"19":0,"20":0,"21":0,"22":0,"23":0,"24":0,"25":0,"26":0,"27":0,"28":0,"29":0,"30":0,"31":0,"32":0,"33":0,"34":0,"35":0,"36":0,"37":0,"38":0,"39":0,"40":0,"41":0,"42":0,"43":0,"44":0},"f":{"0":0,"1":0,"2":0,"3":0,"4":0,"5":0,"6":0,"7":0,"8":0,"9":0,"10":0,"11":0},"b":{"0":[0,0],"1":[0],"2":[0,0],"3":[0],"4":[0,0],"5":[0,0],"6":[0,0],"7":[0],"8":[0,0],"9":[0,0],"10":[0,0],"11":[0,0],"12":[0,0],"13":[0,0],"14":[0,0],"15":[0,0],"16":[0,0],"17":[0,0],"18":[0,0],"19":[0,0,0],"20":[0,0],"21":[0,0]}}
,"C:\\Users\\USUARIO\\Documents\\5_SEMESTRE\\Taller de Diseño de Software I\\isw-213-examen\\Code\\client\\componentes\\estancias\\FormularioCheckout.tsx": {"path":"C:\\Users\\USUARIO\\Documents\\5_SEMESTRE\\Taller de Diseño de Software I\\isw-213-examen\\Code\\client\\componentes\\estancias\\FormularioCheckout.tsx","statementMap":{"0":{"start":{"line":1,"column":0},"end":{"line":1,"column":50}},"1":{"start":{"line":2,"column":0},"end":{"line":2,"column":34}},"2":{"start":{"line":3,"column":0},"end":{"line":3,"column":47}},"3":{"start":{"line":4,"column":0},"end":{"line":4,"column":49}},"4":{"start":{"line":5,"column":0},"end":{"line":5,"column":41}},"5":{"start":{"line":6,"column":0},"end":{"line":6,"column":43}},"6":{"start":{"line":7,"column":0},"end":{"line":7,"column":47}},"7":{"start":{"line":39,"column":17},"end":{"line":51,"column":4}},"8":{"start":{"line":54,"column":22},"end":{"line":54,"column":54}},"9":{"start":{"line":56,"column":4},"end":{"line":67,"column":5}},"10":{"start":{"line":57,"column":30},"end":{"line":58,"column":null}},"11":{"start":{"line":58,"column":26},"end":{"line":58,"column":53}},"12":{"start":{"line":60,"column":6},"end":{"line":64,"column":9}},"13":{"start":{"line":66,"column":6},"end":{"line":66,"column":63}},"14":{"start":{"line":70,"column":20},"end":{"line":87,"column":3}},"15":{"start":{"line":71,"column":25},"end":{"line":71,"column":35}},"16":{"start":{"line":72,"column":4},"end":{"line":75,"column":5}},"17":{"start":{"line":73,"column":6},"end":{"line":73,"column":72}},"18":{"start":{"line":74,"column":6},"end":{"line":74,"column":13}},"19":{"start":{"line":77,"column":18},"end":{"line":77,"column":39}},"20":{"start":{"line":78,"column":22},"end":{"line":79,"column":null}},"21":{"start":{"line":79,"column":6},"end":{"line":79,"column":43}},"22":{"start":{"line":82,"column":4},"end":{"line":86,"column":7}},"23":{"start":{"line":89,"column":14},"end":{"line":112,"column":3}},"24":{"start":{"line":90,"column":4},"end":{"line":90,"column":28}},"25":{"start":{"line":91,"column":57},"end":{"line":91,"column":67}},"26":{"start":{"line":93,"column":4},"end":{"line":95,"column":5}},"27":{"start":{"line":94,"column":6},"end":{"line":94,"column":13}},"28":{"start":{"line":97,"column":4},"end":{"line":97,"column":64}},"29":{"start":{"line":98,"column":22},"end":{"line":101,"column":6}},"30":{"start":{"line":103,"column":4},"end":{"line":111,"column":5}},"31":{"start":{"line":104,"column":6},"end":{"line":108,"column":9}},"32":{"start":{"line":110,"column":6},"end":{"line":110,"column":63}},"33":{"start":{"line":125,"column":8},"end":{"line":125,"column":18}},"34":{"start":{"line":127,"column":4},"end":{"line":129,"column":5}},"35":{"start":{"line":128,"column":6},"end":{"line":128,"column":26}},"36":{"start":{"line":131,"column":32},"end":{"line":131,"column":72}},"37":{"start":{"line":131,"column":53},"end":{"line":131,"column":71}},"38":{"start":{"line":133,"column":4},"end":{"line":263,"column":6}},"39":{"start":{"line":156,"column":34},"end":{"line":156,"column":75}},"40":{"start":{"line":169,"column":16},"end":{"line":170,"column":null}},"41":{"start":{"line":176,"column":33},"end":{"line":176,"column":73}},"42":{"start":{"line":242,"column":14},"end":{"line":242,"column":68}},"43":{"start":{"line":252,"column":14},"end":{"line":252,"column":67}},"44":{"start":{"line":38,"column":0},"end":{"line":38,"column":13}}},"fnMap":{"0":{"name":"(anonymous_1)","decl":{"start":{"line":53,"column":2},"end":{"line":53,"column":7}},"loc":{"start":{"line":53,"column":25},"end":{"line":68,"column":3}}},"1":{"name":"(anonymous_2)","decl":{"start":{"line":58,"column":8},"end":{"line":58,"column":9}},"loc":{"start":{"line":58,"column":26},"end":{"line":58,"column":53}}},"2":{"name":"(anonymous_3)","decl":{"start":{"line":70,"column":20},"end":{"line":70,"column":21}},"loc":{"start":{"line":70,"column":40},"end":{"line":87,"column":3}}},"3":{"name":"(anonymous_4)","decl":{"start":{"line":78,"column":38},"end":{"line":78,"column":39}},"loc":{"start":{"line":79,"column":6},"end":{"line":79,"column":43}}},"4":{"name":"(anonymous_5)","decl":{"start":{"line":89,"column":14},"end":{"line":89,"column":19}},"loc":{"start":{"line":89,"column":47},"end":{"line":112,"column":3}}},"5":{"name":"(anonymous_6)","decl":{"start":{"line":114,"column":2},"end":{"line":114,"column":8}},"loc":{"start":{"line":114,"column":8},"end":{"line":264,"column":3}}},"6":{"name":"(anonymous_7)","decl":{"start":{"line":131,"column":46},"end":{"line":131,"column":47}},"loc":{"start":{"line":131,"column":53},"end":{"line":131,"column":71}}},"7":{"name":"(anonymous_8)","decl":{"start":{"line":156,"column":22},"end":{"line":156,"column":23}},"loc":{"start":{"line":156,"column":34},"end":{"line":156,"column":75}}},"8":{"name":"(anonymous_9)","decl":{"start":{"line":168,"column":37},"end":{"line":168,"column":38}},"loc":{"start":{"line":169,"column":16},"end":{"line":170,"column":null}}},"9":{"name":"(anonymous_10)","decl":{"start":{"line":176,"column":27},"end":{"line":176,"column":30}},"loc":{"start":{"line":176,"column":33},"end":{"line":176,"column":73}}},"10":{"name":"(anonymous_11)","decl":{"start":{"line":241,"column":22},"end":{"line":241,"column":23}},"loc":{"start":{"line":242,"column":14},"end":{"line":242,"column":68}}},"11":{"name":"(anonymous_12)","decl":{"start":{"line":251,"column":22},"end":{"line":251,"column":23}},"loc":{"start":{"line":252,"column":14},"end":{"line":252,"column":67}}}},"branchMap":{"0":{"loc":{"start":{"line":56,"column":4},"end":{"line":67,"column":5}},"type":"if","locations":[{"start":{"line":56,"column":4},"end":{"line":67,"column":5}},{"start":{"line":65,"column":11},"end":{"line":67,"column":5}}]},"1":{"loc":{"start":{"line":72,"column":4},"end":{"line":75,"column":5}},"type":"if","locations":[{"start":{"line":72,"column":4},"end":{"line":75,"column":5}}]},"2":{"loc":{"start":{"line":93,"column":4},"end":{"line":95,"column":5}},"type":"if","locations":[{"start":{"line":93,"column":4},"end":{"line":95,"column":5}}]},"3":{"loc":{"start":{"line":99,"column":21},"end":{"line":99,"column":47}},"type":"binary-expr","locations":[{"start":{"line":99,"column":21},"end":{"line":99,"column":34}},{"start":{"line":99,"column":38},"end":{"line":99,"column":47}}]},"4":{"loc":{"start":{"line":100,"column":22},"end":{"line":100,"column":49}},"type":"binary-expr","locations":[{"start":{"line":100,"column":22},"end":{"line":100,"column":36}},{"start":{"line":100,"column":40},"end":{"line":100,"column":49}}]},"5":{"loc":{"start":{"line":103,"column":4},"end":{"line":111,"column":5}},"type":"if","locations":[{"start":{"line":103,"column":4},"end":{"line":111,"column":5}},{"start":{"line":109,"column":11},"end":{"line":111,"column":5}}]},"6":{"loc":{"start":{"line":127,"column":4},"end":{"line":129,"column":5}},"type":"if","locations":[{"start":{"line":127,"column":4},"end":{"line":129,"column":5}}]},"7":{"loc":{"start":{"line":127,"column":8},"end":{"line":127,"column":41}},"type":"binary-expr","locations":[{"start":{"line":127,"column":8},"end":{"line":127,"column":16}},{"start":{"line":127,"column":20},"end":{"line":127,"column":41}}]},"8":{"loc":{"start":{"line":137,"column":9},"end":{"line":141,"column":null}},"type":"binary-expr","locations":[{"start":{"line":137,"column":9},"end":{"line":137,"column":14}},{"start":{"line":138,"column":10},"end":{"line":140,"column":null}}]},"9":{"loc":{"start":{"line":143,"column":9},"end":{"line":147,"column":null}},"type":"binary-expr","locations":[{"start":{"line":143,"column":9},"end":{"line":143,"column":14}},{"start":{"line":144,"column":10},"end":{"line":146,"column":null}}]},"10":{"loc":{"start":{"line":160,"column":9},"end":{"line":200,"column":null}},"type":"binary-expr","locations":[{"start":{"line":160,"column":9},"end":{"line":160,"column":37}},{"start":{"line":161,"column":10},"end":{"line":199,"column":null}}]},"11":{"loc":{"start":{"line":164,"column":15},"end":{"line":164,"column":56}},"type":"cond-expr","locations":[{"start":{"line":164,"column":48},"end":{"line":164,"column":51}},{"start":{"line":164,"column":54},"end":{"line":164,"column":56}}]},"12":{"loc":{"start":{"line":165,"column":15},"end":{"line":165,"column":56}},"type":"cond-expr","locations":[{"start":{"line":165,"column":48},"end":{"line":165,"column":51}},{"start":{"line":165,"column":54},"end":{"line":165,"column":56}}]},"13":{"loc":{"start":{"line":172,"column":20},"end":{"line":174,"column":null}},"type":"cond-expr","locations":[{"start":{"line":173,"column":24},"end":{"line":173,"column":71}},{"start":{"line":174,"column":24},"end":{"line":174,"column":null}}]},"14":{"loc":{"start":{"line":182,"column":28},"end":{"line":182,"column":74}},"type":"binary-expr","locations":[{"start":{"line":182,"column":28},"end":{"line":182,"column":65}},{"start":{"line":182,"column":69},"end":{"line":182,"column":74}}]},"15":{"loc":{"start":{"line":185,"column":23},"end":{"line":185,"column":61}},"type":"binary-expr","locations":[{"start":{"line":185,"column":23},"end":{"line":185,"column":55}},{"start":{"line":185,"column":59},"end":{"line":185,"column":61}}]},"16":{"loc":{"start":{"line":186,"column":23},"end":{"line":186,"column":63}},"type":"binary-expr","locations":[{"start":{"line":186,"column":23},"end":{"line":186,"column":57}},{"start":{"line":186,"column":61},"end":{"line":186,"column":63}}]},"17":{"loc":{"start":{"line":192,"column":19},"end":{"line":195,"column":null}},"type":"binary-expr","locations":[{"start":{"line":192,"column":19},"end":{"line":192,"column":43}},{"start":{"line":193,"column":20},"end":{"line":193,"column":null}}]},"18":{"loc":{"start":{"line":203,"column":9},"end":{"line":206,"column":null}},"type":"binary-expr","locations":[{"start":{"line":203,"column":9},"end":{"line":203,"column":17}},{"start":{"line":203,"column":21},"end":{"line":203,"column":51}},{"start":{"line":204,"column":10},"end":{"line":205,"column":null}}]},"19":{"loc":{"start":{"line":209,"column":9},"end":{"line":234,"column":null}},"type":"binary-expr","locations":[{"start":{"line":209,"column":9},"end":{"line":209,"column":28}},{"start":{"line":210,"column":10},"end":{"line":233,"column":null}}]},"20":{"loc":{"start":{"line":223,"column":17},"end":{"line":223,"column":75}},"type":"binary-expr","locations":[{"start":{"line":223,"column":17},"end":{"line":223,"column":66}},{"start":{"line":223,"column":70},"end":{"line":223,"column":75}}]}},"s":{"0":0,"1":0,"2":0,"3":0,"4":0,"5":0,"6":0,"7":0,"8":0,"9":0,"10":0,"11":0,"12":0,"13":0,"14":0,"15":0,"16":0,"17":0,"18":0,"19":0,"20":0,"21":0,"22":0,"23":0,"24":0,"25":0,"26":0,"27":0,"28":0,"29":0,"30":0,"31":0,"32":0,"33":0,"34":0,"35":0,"36":0,"37":0,"38":0,"39":0,"40":0,"41":0,"42":0,"43":0,"44":0},"f":{"0":0,"1":0,"2":0,"3":0,"4":0,"5":0,"6":0,"7":0,"8":0,"9":0,"10":0,"11":0},"b":{"0":[0,0],"1":[0],"2":[0],"3":[0,0],"4":[0,0],"5":[0,0],"6":[0],"7":[0,0],"8":[0,0],"9":[0,0],"10":[0,0],"11":[0,0],"12":[0,0],"13":[0,0],"14":[0,0],"15":[0,0],"16":[0,0],"17":[0,0],"18":[0,0,0],"19":[0,0],"20":[0,0]}}
,"C:\\Users\\USUARIO\\Documents\\5_SEMESTRE\\Taller de Diseño de Software I\\isw-213-examen\\Code\\client\\componentes\\habitaciones\\SelectorHabitacion.tsx": {"path":"C:\\Users\\USUARIO\\Documents\\5_SEMESTRE\\Taller de Diseño de Software I\\isw-213-examen\\Code\\client\\componentes\\habitaciones\\SelectorHabitacion.tsx","statementMap":{"0":{"start":{"line":1,"column":0},"end":{"line":1,"column":34}},"1":{"start":{"line":2,"column":0},"end":{"line":2,"column":53}},"2":{"start":{"line":3,"column":0},"end":{"line":3,"column":61}},"3":{"start":{"line":34,"column":17},"end":{"line":34,"column":66}},"4":{"start":{"line":36,"column":35},"end":{"line":39,"column":3}},"5":{"start":{"line":37,"column":34},"end":{"line":37,"column":44}},"6":{"start":{"line":38,"column":4},"end":{"line":38,"column":40}},"7":{"start":{"line":42,"column":27},"end":{"line":42,"column":59}},"8":{"start":{"line":44,"column":4},"end":{"line":55,"column":5}},"9":{"start":{"line":45,"column":36},"end":{"line":47,"column":null}},"10":{"start":{"line":50,"column":6},"end":{"line":52,"column":7}},"11":{"start":{"line":51,"column":8},"end":{"line":51,"column":67}},"12":{"start":{"line":54,"column":6},"end":{"line":54,"column":42}},"13":{"start":{"line":57,"column":4},"end":{"line":63,"column":5}},"14":{"start":{"line":58,"column":20},"end":{"line":58,"column":38}},"15":{"start":{"line":59,"column":6},"end":{"line":62,"column":9}},"16":{"start":{"line":67,"column":4},"end":{"line":95,"column":5}},"17":{"start":{"line":71,"column":6},"end":{"line":77,"column":7}},"18":{"start":{"line":72,"column":8},"end":{"line":72,"column":44}},"19":{"start":{"line":73,"column":8},"end":{"line":75,"column":9}},"20":{"start":{"line":74,"column":10},"end":{"line":74,"column":41}},"21":{"start":{"line":76,"column":8},"end":{"line":76,"column":15}},"22":{"start":{"line":79,"column":36},"end":{"line":81,"column":null}},"23":{"start":{"line":84,"column":6},"end":{"line":94,"column":7}},"24":{"start":{"line":85,"column":29},"end":{"line":85,"column":54}},"25":{"start":{"line":86,"column":8},"end":{"line":86,"column":40}},"26":{"start":{"line":88,"column":8},"end":{"line":93,"column":9}},"27":{"start":{"line":90,"column":45},"end":{"line":90,"column":79}},"28":{"start":{"line":92,"column":10},"end":{"line":92,"column":41}},"29":{"start":{"line":99,"column":48},"end":{"line":99,"column":58}},"30":{"start":{"line":100,"column":37},"end":{"line":100,"column":47}},"31":{"start":{"line":101,"column":22},"end":{"line":107,"column":20}},"32":{"start":{"line":104,"column":12},"end":{"line":105,"column":64}},"33":{"start":{"line":109,"column":4},"end":{"line":160,"column":6}},"34":{"start":{"line":115,"column":12},"end":{"line":119,"column":14}},"35":{"start":{"line":122,"column":12},"end":{"line":123,"column":null}},"36":{"start":{"line":133,"column":12},"end":{"line":136,"column":13}},"37":{"start":{"line":134,"column":14},"end":{"line":134,"column":34}},"38":{"start":{"line":135,"column":14},"end":{"line":135,"column":21}},"39":{"start":{"line":138,"column":23},"end":{"line":138,"column":50}},"40":{"start":{"line":139,"column":24},"end":{"line":139,"column":58}},"41":{"start":{"line":139,"column":46},"end":{"line":139,"column":57}},"42":{"start":{"line":140,"column":12},"end":{"line":140,"column":35}},"43":{"start":{"line":149,"column":12},"end":{"line":150,"column":null}},"44":{"start":{"line":33,"column":0},"end":{"line":33,"column":13}}},"fnMap":{"0":{"name":"(anonymous_1)","decl":{"start":{"line":36,"column":35},"end":{"line":36,"column":38}},"loc":{"start":{"line":36,"column":40},"end":{"line":39,"column":3}}},"1":{"name":"(anonymous_2)","decl":{"start":{"line":41,"column":2},"end":{"line":41,"column":7}},"loc":{"start":{"line":41,"column":25},"end":{"line":64,"column":3}}},"2":{"name":"(anonymous_3)","decl":{"start":{"line":66,"column":2},"end":{"line":66,"column":7}},"loc":{"start":{"line":66,"column":43},"end":{"line":96,"column":3}}},"3":{"name":"(anonymous_4)","decl":{"start":{"line":90,"column":29},"end":{"line":90,"column":30}},"loc":{"start":{"line":90,"column":45},"end":{"line":90,"column":79}}},"4":{"name":"(anonymous_5)","decl":{"start":{"line":98,"column":2},"end":{"line":98,"column":8}},"loc":{"start":{"line":98,"column":8},"end":{"line":161,"column":3}}},"5":{"name":"(anonymous_6)","decl":{"start":{"line":103,"column":10},"end":{"line":103,"column":11}},"loc":{"start":{"line":104,"column":12},"end":{"line":105,"column":64}}},"6":{"name":"(anonymous_7)","decl":{"start":{"line":114,"column":20},"end":{"line":114,"column":21}},"loc":{"start":{"line":115,"column":12},"end":{"line":119,"column":14}}},"7":{"name":"(anonymous_8)","decl":{"start":{"line":121,"column":21},"end":{"line":121,"column":22}},"loc":{"start":{"line":122,"column":12},"end":{"line":123,"column":null}}},"8":{"name":"(anonymous_9)","decl":{"start":{"line":132,"column":20},"end":{"line":132,"column":21}},"loc":{"start":{"line":132,"column":31},"end":{"line":141,"column":11}}},"9":{"name":"(anonymous_10)","decl":{"start":{"line":139,"column":39},"end":{"line":139,"column":40}},"loc":{"start":{"line":139,"column":46},"end":{"line":139,"column":57}}},"10":{"name":"(anonymous_11)","decl":{"start":{"line":148,"column":25},"end":{"line":148,"column":26}},"loc":{"start":{"line":149,"column":12},"end":{"line":150,"column":null}}}},"branchMap":{"0":{"loc":{"start":{"line":38,"column":19},"end":{"line":38,"column":38}},"type":"binary-expr","locations":[{"start":{"line":38,"column":19},"end":{"line":38,"column":26}},{"start":{"line":38,"column":30},"end":{"line":38,"column":38}}]},"1":{"loc":{"start":{"line":44,"column":4},"end":{"line":55,"column":5}},"type":"if","locations":[{"start":{"line":44,"column":4},"end":{"line":55,"column":5}},{"start":{"line":53,"column":11},"end":{"line":55,"column":5}}]},"2":{"loc":{"start":{"line":46,"column":8},"end":{"line":46,"column":39}},"type":"binary-expr","locations":[{"start":{"line":46,"column":8},"end":{"line":46,"column":26}},{"start":{"line":46,"column":30},"end":{"line":46,"column":39}}]},"3":{"loc":{"start":{"line":47,"column":8},"end":{"line":47,"column":40}},"type":"binary-expr","locations":[{"start":{"line":47,"column":8},"end":{"line":47,"column":27}},{"start":{"line":47,"column":31},"end":{"line":47,"column":40}}]},"4":{"loc":{"start":{"line":50,"column":6},"end":{"line":52,"column":7}},"type":"if","locations":[{"start":{"line":50,"column":6},"end":{"line":52,"column":7}}]},"5":{"loc":{"start":{"line":57,"column":4},"end":{"line":63,"column":5}},"type":"if","locations":[{"start":{"line":57,"column":4},"end":{"line":63,"column":5}}]},"6":{"loc":{"start":{"line":61,"column":20},"end":{"line":61,"column":65}},"type":"cond-expr","locations":[{"start":{"line":61,"column":39},"end":{"line":61,"column":58}},{"start":{"line":61,"column":61},"end":{"line":61,"column":65}}]},"7":{"loc":{"start":{"line":67,"column":4},"end":{"line":95,"column":5}},"type":"if","locations":[{"start":{"line":67,"column":4},"end":{"line":95,"column":5}}]},"8":{"loc":{"start":{"line":68,"column":6},"end":{"line":69,"column":48}},"type":"binary-expr","locations":[{"start":{"line":68,"column":6},"end":{"line":68,"column":46}},{"start":{"line":69,"column":6},"end":{"line":69,"column":48}}]},"9":{"loc":{"start":{"line":71,"column":6},"end":{"line":77,"column":7}},"type":"if","locations":[{"start":{"line":71,"column":6},"end":{"line":77,"column":7}}]},"10":{"loc":{"start":{"line":73,"column":8},"end":{"line":75,"column":9}},"type":"if","locations":[{"start":{"line":73,"column":8},"end":{"line":75,"column":9}}]},"11":{"loc":{"start":{"line":80,"column":8},"end":{"line":80,"column":39}},"type":"binary-expr","locations":[{"start":{"line":80,"column":8},"end":{"line":80,"column":26}},{"start":{"line":80,"column":30},"end":{"line":80,"column":39}}]},"12":{"loc":{"start":{"line":81,"column":8},"end":{"line":81,"column":40}},"type":"binary-expr","locations":[{"start":{"line":81,"column":8},"end":{"line":81,"column":27}},{"start":{"line":81,"column":31},"end":{"line":81,"column":40}}]},"13":{"loc":{"start":{"line":84,"column":6},"end":{"line":94,"column":7}},"type":"if","locations":[{"start":{"line":84,"column":6},"end":{"line":94,"column":7}}]},"14":{"loc":{"start":{"line":88,"column":8},"end":{"line":93,"column":9}},"type":"if","locations":[{"start":{"line":88,"column":8},"end":{"line":93,"column":9}}]},"15":{"loc":{"start":{"line":89,"column":10},"end":{"line":90,"column":80}},"type":"binary-expr","locations":[{"start":{"line":89,"column":10},"end":{"line":89,"column":26}},{"start":{"line":90,"column":10},"end":{"line":90,"column":80}}]},"16":{"loc":{"start":{"line":101,"column":22},"end":{"line":107,"column":20}},"type":"cond-expr","locations":[{"start":{"line":102,"column":8},"end":{"line":105,"column":null}},{"start":{"line":107,"column":8},"end":{"line":107,"column":20}}]},"17":{"loc":{"start":{"line":104,"column":12},"end":{"line":105,"column":64}},"type":"binary-expr","locations":[{"start":{"line":104,"column":12},"end":{"line":104,"column":38}},{"start":{"line":105,"column":12},"end":{"line":105,"column":64}}]},"18":{"loc":{"start":{"line":113,"column":17},"end":{"line":113,"column":33}},"type":"binary-expr","locations":[{"start":{"line":113,"column":17},"end":{"line":113,"column":27}},{"start":{"line":113,"column":31},"end":{"line":113,"column":33}}]},"19":{"loc":{"start":{"line":116,"column":26},"end":{"line":118,"column":22}},"type":"cond-expr","locations":[{"start":{"line":117,"column":18},"end":{"line":117,"column":45}},{"start":{"line":118,"column":18},"end":{"line":118,"column":22}}]},"20":{"loc":{"start":{"line":131,"column":17},"end":{"line":131,"column":28}},"type":"binary-expr","locations":[{"start":{"line":131,"column":17},"end":{"line":131,"column":22}},{"start":{"line":131,"column":26},"end":{"line":131,"column":28}}]},"21":{"loc":{"start":{"line":133,"column":12},"end":{"line":136,"column":13}},"type":"if","locations":[{"start":{"line":133,"column":12},"end":{"line":136,"column":13}}]},"22":{"loc":{"start":{"line":144,"column":13},"end":{"line":146,"column":57}},"type":"cond-expr","locations":[{"start":{"line":145,"column":16},"end":{"line":145,"column":40}},{"start":{"line":146,"column":16},"end":{"line":146,"column":57}}]},"23":{"loc":{"start":{"line":153,"column":15},"end":{"line":155,"column":20}},"type":"cond-expr","locations":[{"start":{"line":154,"column":18},"end":{"line":154,"column":59}},{"start":{"line":155,"column":18},"end":{"line":155,"column":20}}]}},"s":{"0":0,"1":0,"2":0,"3":0,"4":0,"5":0,"6":0,"7":0,"8":0,"9":0,"10":0,"11":0,"12":0,"13":0,"14":0,"15":0,"16":0,"17":0,"18":0,"19":0,"20":0,"21":0,"22":0,"23":0,"24":0,"25":0,"26":0,"27":0,"28":0,"29":0,"30":0,"31":0,"32":0,"33":0,"34":0,"35":0,"36":0,"37":0,"38":0,"39":0,"40":0,"41":0,"42":0,"43":0,"44":0},"f":{"0":0,"1":0,"2":0,"3":0,"4":0,"5":0,"6":0,"7":0,"8":0,"9":0,"10":0},"b":{"0":[0,0],"1":[0,0],"2":[0,0],"3":[0,0],"4":[0],"5":[0],"6":[0,0],"7":[0],"8":[0,0],"9":[0],"10":[0],"11":[0,0],"12":[0,0],"13":[0],"14":[0],"15":[0,0],"16":[0,0],"17":[0,0],"18":[0,0],"19":[0,0],"20":[0,0],"21":[0],"22":[0,0],"23":[0,0]}}
,"C:\\Users\\USUARIO\\Documents\\5_SEMESTRE\\Taller de Diseño de Software I\\isw-213-examen\\Code\\client\\componentes\\huespedes\\BuscarHuesped.tsx": {"path":"C:\\Users\\USUARIO\\Documents\\5_SEMESTRE\\Taller de Diseño de Software I\\isw-213-examen\\Code\\client\\componentes\\huespedes\\BuscarHuesped.tsx","statementMap":{"0":{"start":{"line":1,"column":0},"end":{"line":1,"column":34}},"1":{"start":{"line":2,"column":0},"end":{"line":2,"column":29}},"2":{"start":{"line":3,"column":0},"end":{"line":3,"column":47}},"3":{"start":{"line":4,"column":0},"end":{"line":4,"column":41}},"4":{"start":{"line":5,"column":0},"end":{"line":5,"column":43}},"5":{"start":{"line":30,"column":17},"end":{"line":38,"column":4}},"6":{"start":{"line":41,"column":22},"end":{"line":41,"column":47}},"7":{"start":{"line":42,"column":4},"end":{"line":46,"column":5}},"8":{"start":{"line":43,"column":6},"end":{"line":43,"column":72}},"9":{"start":{"line":45,"column":6},"end":{"line":45,"column":46}},"10":{"start":{"line":49,"column":11},"end":{"line":68,"column":3}},"11":{"start":{"line":50,"column":29},"end":{"line":50,"column":39}},"12":{"start":{"line":52,"column":4},"end":{"line":54,"column":5}},"13":{"start":{"line":53,"column":6},"end":{"line":53,"column":13}},"14":{"start":{"line":56,"column":4},"end":{"line":56,"column":66}},"15":{"start":{"line":57,"column":22},"end":{"line":57,"column":71}},"16":{"start":{"line":59,"column":4},"end":{"line":67,"column":5}},"17":{"start":{"line":60,"column":6},"end":{"line":60,"column":65}},"18":{"start":{"line":62,"column":6},"end":{"line":64,"column":7}},"19":{"start":{"line":63,"column":8},"end":{"line":63,"column":48}},"20":{"start":{"line":66,"column":6},"end":{"line":66,"column":63}},"21":{"start":{"line":72,"column":6},"end":{"line":72,"column":16}},"22":{"start":{"line":73,"column":41},"end":{"line":73,"column":51}},"23":{"start":{"line":75,"column":4},"end":{"line":140,"column":6}},"24":{"start":{"line":82,"column":34},"end":{"line":82,"column":78}},"25":{"start":{"line":93,"column":14},"end":{"line":93,"column":60}},"26":{"start":{"line":120,"column":14},"end":{"line":121,"column":null}},"27":{"start":{"line":124,"column":18},"end":{"line":124,"column":48}},"28":{"start":{"line":125,"column":18},"end":{"line":127,"column":19}},"29":{"start":{"line":126,"column":20},"end":{"line":126,"column":48}},"30":{"start":{"line":29,"column":0},"end":{"line":29,"column":13}}},"fnMap":{"0":{"name":"(anonymous_1)","decl":{"start":{"line":40,"column":2},"end":{"line":40,"column":7}},"loc":{"start":{"line":40,"column":25},"end":{"line":47,"column":3}}},"1":{"name":"(anonymous_2)","decl":{"start":{"line":49,"column":11},"end":{"line":49,"column":16}},"loc":{"start":{"line":49,"column":22},"end":{"line":68,"column":3}}},"2":{"name":"(anonymous_3)","decl":{"start":{"line":70,"column":2},"end":{"line":70,"column":8}},"loc":{"start":{"line":70,"column":8},"end":{"line":141,"column":3}}},"3":{"name":"(anonymous_4)","decl":{"start":{"line":82,"column":22},"end":{"line":82,"column":23}},"loc":{"start":{"line":82,"column":34},"end":{"line":82,"column":78}}},"4":{"name":"(anonymous_5)","decl":{"start":{"line":92,"column":22},"end":{"line":92,"column":23}},"loc":{"start":{"line":93,"column":14},"end":{"line":93,"column":60}}},"5":{"name":"(anonymous_6)","decl":{"start":{"line":119,"column":27},"end":{"line":119,"column":28}},"loc":{"start":{"line":120,"column":14},"end":{"line":121,"column":null}}},"6":{"name":"(anonymous_7)","decl":{"start":{"line":123,"column":25},"end":{"line":123,"column":28}},"loc":{"start":{"line":123,"column":30},"end":{"line":128,"column":17}}}},"branchMap":{"0":{"loc":{"start":{"line":42,"column":4},"end":{"line":46,"column":5}},"type":"if","locations":[{"start":{"line":42,"column":4},"end":{"line":46,"column":5}},{"start":{"line":44,"column":11},"end":{"line":46,"column":5}}]},"1":{"loc":{"start":{"line":52,"column":4},"end":{"line":54,"column":5}},"type":"if","locations":[{"start":{"line":52,"column":4},"end":{"line":54,"column":5}}]},"2":{"loc":{"start":{"line":59,"column":4},"end":{"line":67,"column":5}},"type":"if","locations":[{"start":{"line":59,"column":4},"end":{"line":67,"column":5}},{"start":{"line":65,"column":11},"end":{"line":67,"column":5}}]},"3":{"loc":{"start":{"line":62,"column":6},"end":{"line":64,"column":7}},"type":"if","locations":[{"start":{"line":62,"column":6},"end":{"line":64,"column":7}}]},"4":{"loc":{"start":{"line":73,"column":12},"end":{"line":73,"column":36}},"type":"default-arg","locations":[{"start":{"line":73,"column":20},"end":{"line":73,"column":36}}]},"5":{"loc":{"start":{"line":102,"column":9},"end":{"line":106,"column":null}},"type":"binary-expr","locations":[{"start":{"line":102,"column":9},"end":{"line":102,"column":14}},{"start":{"line":103,"column":10},"end":{"line":105,"column":null}}]},"6":{"loc":{"start":{"line":108,"column":9},"end":{"line":112,"column":null}},"type":"binary-expr","locations":[{"start":{"line":108,"column":9},"end":{"line":108,"column":16}},{"start":{"line":109,"column":10},"end":{"line":111,"column":null}}]},"7":{"loc":{"start":{"line":114,"column":9},"end":{"line":137,"column":null}},"type":"binary-expr","locations":[{"start":{"line":114,"column":9},"end":{"line":114,"column":23}},{"start":{"line":114,"column":27},"end":{"line":114,"column":47}},{"start":{"line":115,"column":10},"end":{"line":136,"column":null}}]},"8":{"loc":{"start":{"line":125,"column":18},"end":{"line":127,"column":19}},"type":"if","locations":[{"start":{"line":125,"column":18},"end":{"line":127,"column":19}}]}},"s":{"0":0,"1":0,"2":0,"3":0,"4":0,"5":0,"6":0,"7":0,"8":0,"9":0,"10":0,"11":0,"12":0,"13":0,"14":0,"15":0,"16":0,"17":0,"18":0,"19":0,"20":0,"21":0,"22":0,"23":0,"24":0,"25":0,"26":0,"27":0,"28":0,"29":0,"30":0},"f":{"0":0,"1":0,"2":0,"3":0,"4":0,"5":0,"6":0},"b":{"0":[0,0],"1":[0],"2":[0,0],"3":[0],"4":[0],"5":[0,0],"6":[0,0],"7":[0,0,0],"8":[0]}}
,"C:\\Users\\USUARIO\\Documents\\5_SEMESTRE\\Taller de Diseño de Software I\\isw-213-examen\\Code\\client\\componentes\\huespedes\\FormularioHuesped.tsx": {"path":"C:\\Users\\USUARIO\\Documents\\5_SEMESTRE\\Taller de Diseño de Software I\\isw-213-examen\\Code\\client\\componentes\\huespedes\\FormularioHuesped.tsx","statementMap":{"0":{"start":{"line":1,"column":0},"end":{"line":1,"column":45}},"1":{"start":{"line":2,"column":0},"end":{"line":2,"column":33}},"2":{"start":{"line":3,"column":0},"end":{"line":3,"column":47}},"3":{"start":{"line":4,"column":0},"end":{"line":4,"column":41}},"4":{"start":{"line":5,"column":0},"end":{"line":5,"column":43}},"5":{"start":{"line":22,"column":17},"end":{"line":32,"column":4}},"6":{"start":{"line":34,"column":12},"end":{"line":69,"column":3}},"7":{"start":{"line":35,"column":4},"end":{"line":35,"column":28}},"8":{"start":{"line":44,"column":8},"end":{"line":44,"column":18}},"9":{"start":{"line":46,"column":4},"end":{"line":46,"column":64}},"10":{"start":{"line":48,"column":22},"end":{"line":55,"column":6}},"11":{"start":{"line":57,"column":4},"end":{"line":68,"column":5}},"12":{"start":{"line":58,"column":6},"end":{"line":61,"column":9}},"13":{"start":{"line":63,"column":6},"end":{"line":65,"column":7}},"14":{"start":{"line":64,"column":8},"end":{"line":64,"column":32}},"15":{"start":{"line":67,"column":6},"end":{"line":67,"column":63}},"16":{"start":{"line":82,"column":8},"end":{"line":82,"column":18}},"17":{"start":{"line":83,"column":4},"end":{"line":176,"column":6}},"18":{"start":{"line":105,"column":14},"end":{"line":105,"column":68}},"19":{"start":{"line":121,"column":14},"end":{"line":121,"column":70}},"20":{"start":{"line":132,"column":14},"end":{"line":132,"column":61}},"21":{"start":{"line":143,"column":14},"end":{"line":143,"column":63}},"22":{"start":{"line":155,"column":14},"end":{"line":155,"column":60}},"23":{"start":{"line":166,"column":14},"end":{"line":166,"column":62}},"24":{"start":{"line":21,"column":0},"end":{"line":21,"column":13}}},"fnMap":{"0":{"name":"(anonymous_1)","decl":{"start":{"line":34,"column":12},"end":{"line":34,"column":17}},"loc":{"start":{"line":34,"column":40},"end":{"line":69,"column":3}}},"1":{"name":"(anonymous_2)","decl":{"start":{"line":71,"column":2},"end":{"line":71,"column":8}},"loc":{"start":{"line":71,"column":8},"end":{"line":177,"column":3}}},"2":{"name":"(anonymous_3)","decl":{"start":{"line":104,"column":22},"end":{"line":104,"column":23}},"loc":{"start":{"line":105,"column":14},"end":{"line":105,"column":68}}},"3":{"name":"(anonymous_4)","decl":{"start":{"line":120,"column":22},"end":{"line":120,"column":23}},"loc":{"start":{"line":121,"column":14},"end":{"line":121,"column":70}}},"4":{"name":"(anonymous_5)","decl":{"start":{"line":131,"column":22},"end":{"line":131,"column":23}},"loc":{"start":{"line":132,"column":14},"end":{"line":132,"column":61}}},"5":{"name":"(anonymous_6)","decl":{"start":{"line":142,"column":22},"end":{"line":142,"column":23}},"loc":{"start":{"line":143,"column":14},"end":{"line":143,"column":63}}},"6":{"name":"(anonymous_7)","decl":{"start":{"line":154,"column":22},"end":{"line":154,"column":23}},"loc":{"start":{"line":155,"column":14},"end":{"line":155,"column":60}}},"7":{"name":"(anonymous_8)","decl":{"start":{"line":165,"column":22},"end":{"line":165,"column":23}},"loc":{"start":{"line":166,"column":14},"end":{"line":166,"column":62}}}},"branchMap":{"0":{"loc":{"start":{"line":54,"column":16},"end":{"line":54,"column":37}},"type":"binary-expr","locations":[{"start":{"line":54,"column":16},"end":{"line":54,"column":24}},{"start":{"line":54,"column":28},"end":{"line":54,"column":37}}]},"1":{"loc":{"start":{"line":57,"column":4},"end":{"line":68,"column":5}},"type":"if","locations":[{"start":{"line":57,"column":4},"end":{"line":68,"column":5}},{"start":{"line":66,"column":11},"end":{"line":68,"column":5}}]},"2":{"loc":{"start":{"line":63,"column":6},"end":{"line":65,"column":7}},"type":"if","locations":[{"start":{"line":63,"column":6},"end":{"line":65,"column":7}}]},"3":{"loc":{"start":{"line":87,"column":9},"end":{"line":91,"column":null}},"type":"binary-expr","locations":[{"start":{"line":87,"column":9},"end":{"line":87,"column":14}},{"start":{"line":88,"column":10},"end":{"line":90,"column":null}}]},"4":{"loc":{"start":{"line":93,"column":9},"end":{"line":97,"column":null}},"type":"binary-expr","locations":[{"start":{"line":93,"column":9},"end":{"line":93,"column":14}},{"start":{"line":94,"column":10},"end":{"line":96,"column":null}}]}},"s":{"0":0,"1":0,"2":0,"3":0,"4":0,"5":0,"6":0,"7":0,"8":0,"9":0,"10":0,"11":0,"12":0,"13":0,"14":0,"15":0,"16":0,"17":0,"18":0,"19":0,"20":0,"21":0,"22":0,"23":0,"24":0},"f":{"0":0,"1":0,"2":0,"3":0,"4":0,"5":0,"6":0,"7":0},"b":{"0":[0,0],"1":[0,0],"2":[0],"3":[0,0],"4":[0,0]}}
,"C:\\Users\\USUARIO\\Documents\\5_SEMESTRE\\Taller de Diseño de Software I\\isw-213-examen\\Code\\client\\componentes\\reservas\\FormularioReserva.tsx": {"path":"C:\\Users\\USUARIO\\Documents\\5_SEMESTRE\\Taller de Diseño de Software I\\isw-213-examen\\Code\\client\\componentes\\reservas\\FormularioReserva.tsx","statementMap":{"0":{"start":{"line":1,"column":0},"end":{"line":1,"column":50}},"1":{"start":{"line":2,"column":0},"end":{"line":2,"column":33}},"2":{"start":{"line":3,"column":0},"end":{"line":3,"column":47}},"3":{"start":{"line":4,"column":0},"end":{"line":4,"column":41}},"4":{"start":{"line":5,"column":0},"end":{"line":5,"column":43}},"5":{"start":{"line":6,"column":0},"end":{"line":6,"column":59}},"6":{"start":{"line":7,"column":0},"end":{"line":7,"column":72}},"7":{"start":{"line":39,"column":12},"end":{"line":39,"column":50}},"8":{"start":{"line":41,"column":17},"end":{"line":52,"column":4}},"9":{"start":{"line":54,"column":10},"end":{"line":98,"column":3}},"10":{"start":{"line":55,"column":4},"end":{"line":55,"column":28}},"11":{"start":{"line":57,"column":6},"end":{"line":57,"column":16}},"12":{"start":{"line":59,"column":4},"end":{"line":62,"column":5}},"13":{"start":{"line":60,"column":6},"end":{"line":60,"column":74}},"14":{"start":{"line":61,"column":6},"end":{"line":61,"column":13}},"15":{"start":{"line":64,"column":4},"end":{"line":74,"column":5}},"16":{"start":{"line":65,"column":27},"end":{"line":65,"column":44}},"17":{"start":{"line":66,"column":28},"end":{"line":66,"column":46}},"18":{"start":{"line":67,"column":6},"end":{"line":73,"column":7}},"19":{"start":{"line":68,"column":8},"end":{"line":71,"column":11}},"20":{"start":{"line":72,"column":8},"end":{"line":72,"column":15}},"21":{"start":{"line":76,"column":4},"end":{"line":76,"column":64}},"22":{"start":{"line":77,"column":22},"end":{"line":84,"column":6}},"23":{"start":{"line":86,"column":4},"end":{"line":97,"column":5}},"24":{"start":{"line":87,"column":6},"end":{"line":90,"column":9}},"25":{"start":{"line":92,"column":6},"end":{"line":94,"column":7}},"26":{"start":{"line":93,"column":8},"end":{"line":93,"column":30}},"27":{"start":{"line":96,"column":6},"end":{"line":96,"column":63}},"28":{"start":{"line":100,"column":23},"end":{"line":111,"column":3}},"29":{"start":{"line":101,"column":58},"end":{"line":101,"column":68}},"30":{"start":{"line":102,"column":4},"end":{"line":103,"column":15}},"31":{"start":{"line":103,"column":6},"end":{"line":103,"column":15}},"32":{"start":{"line":105,"column":19},"end":{"line":105,"column":36}},"33":{"start":{"line":106,"column":16},"end":{"line":106,"column":34}},"34":{"start":{"line":107,"column":17},"end":{"line":107,"column":75}},"35":{"start":{"line":108,"column":19},"end":{"line":108,"column":75}},"36":{"start":{"line":110,"column":4},"end":{"line":110,"column":38}},"37":{"start":{"line":124,"column":8},"end":{"line":124,"column":18}},"38":{"start":{"line":125,"column":23},"end":{"line":125,"column":48}},"39":{"start":{"line":126,"column":4},"end":{"line":234,"column":6}},"40":{"start":{"line":144,"column":38},"end":{"line":144,"column":73}},"41":{"start":{"line":158,"column":14},"end":{"line":161,"column":16}},"42":{"start":{"line":173,"column":14},"end":{"line":173,"column":61}},"43":{"start":{"line":186,"column":14},"end":{"line":186,"column":62}},"44":{"start":{"line":201,"column":14},"end":{"line":201,"column":70}},"45":{"start":{"line":211,"column":34},"end":{"line":211,"column":79}},"46":{"start":{"line":38,"column":0},"end":{"line":38,"column":13}}},"fnMap":{"0":{"name":"(anonymous_1)","decl":{"start":{"line":54,"column":10},"end":{"line":54,"column":15}},"loc":{"start":{"line":54,"column":43},"end":{"line":98,"column":3}}},"1":{"name":"(anonymous_2)","decl":{"start":{"line":100,"column":23},"end":{"line":100,"column":26}},"loc":{"start":{"line":100,"column":28},"end":{"line":111,"column":3}}},"2":{"name":"(anonymous_3)","decl":{"start":{"line":113,"column":2},"end":{"line":113,"column":8}},"loc":{"start":{"line":113,"column":8},"end":{"line":235,"column":3}}},"3":{"name":"(anonymous_4)","decl":{"start":{"line":144,"column":25},"end":{"line":144,"column":26}},"loc":{"start":{"line":144,"column":38},"end":{"line":144,"column":73}}},"4":{"name":"(anonymous_5)","decl":{"start":{"line":157,"column":27},"end":{"line":157,"column":28}},"loc":{"start":{"line":158,"column":14},"end":{"line":161,"column":16}}},"5":{"name":"(anonymous_6)","decl":{"start":{"line":172,"column":22},"end":{"line":172,"column":23}},"loc":{"start":{"line":173,"column":14},"end":{"line":173,"column":61}}},"6":{"name":"(anonymous_7)","decl":{"start":{"line":185,"column":22},"end":{"line":185,"column":23}},"loc":{"start":{"line":186,"column":14},"end":{"line":186,"column":62}}},"7":{"name":"(anonymous_8)","decl":{"start":{"line":200,"column":22},"end":{"line":200,"column":23}},"loc":{"start":{"line":201,"column":14},"end":{"line":201,"column":70}}},"8":{"name":"(anonymous_9)","decl":{"start":{"line":211,"column":22},"end":{"line":211,"column":23}},"loc":{"start":{"line":211,"column":34},"end":{"line":211,"column":79}}}},"branchMap":{"0":{"loc":{"start":{"line":59,"column":4},"end":{"line":62,"column":5}},"type":"if","locations":[{"start":{"line":59,"column":4},"end":{"line":62,"column":5}}]},"1":{"loc":{"start":{"line":59,"column":8},"end":{"line":59,"column":33}},"type":"binary-expr","locations":[{"start":{"line":59,"column":8},"end":{"line":59,"column":16}},{"start":{"line":59,"column":20},"end":{"line":59,"column":33}}]},"2":{"loc":{"start":{"line":64,"column":4},"end":{"line":74,"column":5}},"type":"if","locations":[{"start":{"line":64,"column":4},"end":{"line":74,"column":5}}]},"3":{"loc":{"start":{"line":64,"column":8},"end":{"line":64,"column":27}},"type":"binary-expr","locations":[{"start":{"line":64,"column":8},"end":{"line":64,"column":15}},{"start":{"line":64,"column":19},"end":{"line":64,"column":27}}]},"4":{"loc":{"start":{"line":67,"column":6},"end":{"line":73,"column":7}},"type":"if","locations":[{"start":{"line":67,"column":6},"end":{"line":73,"column":7}}]},"5":{"loc":{"start":{"line":83,"column":13},"end":{"line":83,"column":31}},"type":"binary-expr","locations":[{"start":{"line":83,"column":13},"end":{"line":83,"column":18}},{"start":{"line":83,"column":22},"end":{"line":83,"column":31}}]},"6":{"loc":{"start":{"line":86,"column":4},"end":{"line":97,"column":5}},"type":"if","locations":[{"start":{"line":86,"column":4},"end":{"line":97,"column":5}},{"start":{"line":95,"column":11},"end":{"line":97,"column":5}}]},"7":{"loc":{"start":{"line":92,"column":6},"end":{"line":94,"column":7}},"type":"if","locations":[{"start":{"line":92,"column":6},"end":{"line":94,"column":7}}]},"8":{"loc":{"start":{"line":102,"column":4},"end":{"line":103,"column":15}},"type":"if","locations":[{"start":{"line":102,"column":4},"end":{"line":103,"column":15}}]},"9":{"loc":{"start":{"line":102,"column":8},"end":{"line":102,"column":73}},"type":"binary-expr","locations":[{"start":{"line":102,"column":8},"end":{"line":102,"column":48}},{"start":{"line":102,"column":52},"end":{"line":102,"column":60}},{"start":{"line":102,"column":64},"end":{"line":102,"column":73}}]},"10":{"loc":{"start":{"line":130,"column":9},"end":{"line":134,"column":null}},"type":"binary-expr","locations":[{"start":{"line":130,"column":9},"end":{"line":130,"column":14}},{"start":{"line":131,"column":10},"end":{"line":133,"column":null}}]},"11":{"loc":{"start":{"line":136,"column":9},"end":{"line":140,"column":null}},"type":"binary-expr","locations":[{"start":{"line":136,"column":9},"end":{"line":136,"column":14}},{"start":{"line":137,"column":10},"end":{"line":139,"column":null}}]},"12":{"loc":{"start":{"line":146,"column":9},"end":{"line":149,"column":null}},"type":"binary-expr","locations":[{"start":{"line":146,"column":9},"end":{"line":146,"column":16}},{"start":{"line":147,"column":10},"end":{"line":148,"column":null}}]},"13":{"loc":{"start":{"line":160,"column":40},"end":{"line":160,"column":51}},"type":"binary-expr","locations":[{"start":{"line":160,"column":40},"end":{"line":160,"column":43}},{"start":{"line":160,"column":47},"end":{"line":160,"column":51}}]},"14":{"loc":{"start":{"line":215,"column":9},"end":{"line":226,"column":null}},"type":"binary-expr","locations":[{"start":{"line":215,"column":9},"end":{"line":215,"column":23}},{"start":{"line":216,"column":10},"end":{"line":225,"column":null}}]}},"s":{"0":0,"1":0,"2":0,"3":0,"4":0,"5":0,"6":0,"7":0,"8":0,"9":0,"10":0,"11":0,"12":0,"13":0,"14":0,"15":0,"16":0,"17":0,"18":0,"19":0,"20":0,"21":0,"22":0,"23":0,"24":0,"25":0,"26":0,"27":0,"28":0,"29":0,"30":0,"31":0,"32":0,"33":0,"34":0,"35":0,"36":0,"37":0,"38":0,"39":0,"40":0,"41":0,"42":0,"43":0,"44":0,"45":0,"46":0},"f":{"0":0,"1":0,"2":0,"3":0,"4":0,"5":0,"6":0,"7":0,"8":0},"b":{"0":[0],"1":[0,0],"2":[0],"3":[0,0],"4":[0],"5":[0,0],"6":[0,0],"7":[0],"8":[0],"9":[0,0,0],"10":[0,0],"11":[0,0],"12":[0,0],"13":[0,0],"14":[0,0]}}
,"C:\\Users\\USUARIO\\Documents\\5_SEMESTRE\\Taller de Diseño de Software I\\isw-213-examen\\Code\\client\\componentes\\reservas\\ListaReservas.tsx": {"path":"C:\\Users\\USUARIO\\Documents\\5_SEMESTRE\\Taller de Diseño de Software I\\isw-213-examen\\Code\\client\\componentes\\reservas\\ListaReservas.tsx","statementMap":{"0":{"start":{"line":1,"column":0},"end":{"line":1,"column":34}},"1":{"start":{"line":2,"column":0},"end":{"line":2,"column":29}},"2":{"start":{"line":3,"column":0},"end":{"line":3,"column":47}},"3":{"start":{"line":4,"column":0},"end":{"line":4,"column":47}},"4":{"start":{"line":5,"column":0},"end":{"line":5,"column":43}},"5":{"start":{"line":6,"column":0},"end":{"line":6,"column":47}},"6":{"start":{"line":7,"column":0},"end":{"line":7,"column":41}},"7":{"start":{"line":27,"column":17},"end":{"line":27,"column":77}},"8":{"start":{"line":30,"column":4},"end":{"line":30,"column":24}},"9":{"start":{"line":33,"column":11},"end":{"line":42,"column":3}},"10":{"start":{"line":34,"column":4},"end":{"line":34,"column":51}},"11":{"start":{"line":35,"column":22},"end":{"line":35,"column":54}},"12":{"start":{"line":37,"column":4},"end":{"line":41,"column":5}},"13":{"start":{"line":38,"column":6},"end":{"line":38,"column":66}},"14":{"start":{"line":40,"column":6},"end":{"line":40,"column":63}},"15":{"start":{"line":44,"column":13},"end":{"line":55,"column":3}},"16":{"start":{"line":45,"column":22},"end":{"line":47,"column":6}},"17":{"start":{"line":49,"column":4},"end":{"line":54,"column":5}},"18":{"start":{"line":50,"column":6},"end":{"line":50,"column":68}},"19":{"start":{"line":51,"column":6},"end":{"line":51,"column":26}},"20":{"start":{"line":53,"column":6},"end":{"line":53,"column":46}},"21":{"start":{"line":58,"column":51},"end":{"line":58,"column":61}},"22":{"start":{"line":60,"column":4},"end":{"line":62,"column":5}},"23":{"start":{"line":61,"column":6},"end":{"line":61,"column":26}},"24":{"start":{"line":64,"column":4},"end":{"line":115,"column":6}},"25":{"start":{"line":86,"column":16},"end":{"line":86,"column":null}},"26":{"start":{"line":105,"column":37},"end":{"line":105,"column":62}},"27":{"start":{"line":26,"column":0},"end":{"line":26,"column":13}}},"fnMap":{"0":{"name":"(anonymous_1)","decl":{"start":{"line":29,"column":2},"end":{"line":29,"column":7}},"loc":{"start":{"line":29,"column":25},"end":{"line":31,"column":3}}},"1":{"name":"(anonymous_2)","decl":{"start":{"line":33,"column":11},"end":{"line":33,"column":16}},"loc":{"start":{"line":33,"column":22},"end":{"line":42,"column":3}}},"2":{"name":"(anonymous_3)","decl":{"start":{"line":44,"column":13},"end":{"line":44,"column":18}},"loc":{"start":{"line":44,"column":41},"end":{"line":55,"column":3}}},"3":{"name":"(anonymous_4)","decl":{"start":{"line":57,"column":2},"end":{"line":57,"column":8}},"loc":{"start":{"line":57,"column":8},"end":{"line":116,"column":3}}},"4":{"name":"(anonymous_5)","decl":{"start":{"line":85,"column":28},"end":{"line":85,"column":29}},"loc":{"start":{"line":86,"column":16},"end":{"line":86,"column":null}}},"5":{"name":"(anonymous_6)","decl":{"start":{"line":105,"column":31},"end":{"line":105,"column":34}},"loc":{"start":{"line":105,"column":37},"end":{"line":105,"column":62}}}},"branchMap":{"0":{"loc":{"start":{"line":37,"column":4},"end":{"line":41,"column":5}},"type":"if","locations":[{"start":{"line":37,"column":4},"end":{"line":41,"column":5}},{"start":{"line":39,"column":11},"end":{"line":41,"column":5}}]},"1":{"loc":{"start":{"line":49,"column":4},"end":{"line":54,"column":5}},"type":"if","locations":[{"start":{"line":49,"column":4},"end":{"line":54,"column":5}},{"start":{"line":52,"column":11},"end":{"line":54,"column":5}}]},"2":{"loc":{"start":{"line":60,"column":4},"end":{"line":62,"column":5}},"type":"if","locations":[{"start":{"line":60,"column":4},"end":{"line":62,"column":5}}]},"3":{"loc":{"start":{"line":66,"column":9},"end":{"line":66,"column":57}},"type":"binary-expr","locations":[{"start":{"line":66,"column":9},"end":{"line":66,"column":14}},{"start":{"line":66,"column":18},"end":{"line":66,"column":57}}]},"4":{"loc":{"start":{"line":67,"column":9},"end":{"line":67,"column":61}},"type":"binary-expr","locations":[{"start":{"line":67,"column":9},"end":{"line":67,"column":16}},{"start":{"line":67,"column":20},"end":{"line":67,"column":61}}]},"5":{"loc":{"start":{"line":68,"column":9},"end":{"line":69,"column":null}},"type":"binary-expr","locations":[{"start":{"line":68,"column":9},"end":{"line":68,"column":30}},{"start":{"line":69,"column":10},"end":{"line":69,"column":74}}]},"6":{"loc":{"start":{"line":71,"column":9},"end":{"line":112,"column":null}},"type":"binary-expr","locations":[{"start":{"line":71,"column":9},"end":{"line":71,"column":28}},{"start":{"line":72,"column":10},"end":{"line":111,"column":null}}]},"7":{"loc":{"start":{"line":89,"column":21},"end":{"line":91,"column":27}},"type":"cond-expr","locations":[{"start":{"line":90,"column":24},"end":{"line":90,"column":70}},{"start":{"line":91,"column":24},"end":{"line":91,"column":27}}]}},"s":{"0":0,"1":0,"2":0,"3":0,"4":0,"5":0,"6":0,"7":0,"8":0,"9":0,"10":0,"11":0,"12":0,"13":0,"14":0,"15":0,"16":0,"17":0,"18":0,"19":0,"20":0,"21":0,"22":0,"23":0,"24":0,"25":0,"26":0,"27":0},"f":{"0":0,"1":0,"2":0,"3":0,"4":0,"5":0},"b":{"0":[0,0],"1":[0,0],"2":[0],"3":[0,0],"4":[0,0],"5":[0,0],"6":[0,0],"7":[0,0]}}
,"C:\\Users\\USUARIO\\Documents\\5_SEMESTRE\\Taller de Diseño de Software I\\isw-213-examen\\Code\\client\\utiles\\DecodificarTexto.ts": {"path":"C:\\Users\\USUARIO\\Documents\\5_SEMESTRE\\Taller de Diseño de Software I\\isw-213-examen\\Code\\client\\utiles\\DecodificarTexto.ts","statementMap":{"0":{"start":{"line":1,"column":0},"end":{"line":1,"column":16}},"1":{"start":{"line":2,"column":2},"end":{"line":4,"column":3}},"2":{"start":{"line":3,"column":4},"end":{"line":3,"column":14}},"3":{"start":{"line":5,"column":2},"end":{"line":12,"column":3}},"4":{"start":{"line":6,"column":18},"end":{"line":7,"column":null}},"5":{"start":{"line":7,"column":40},"end":{"line":7,"column":69}},"6":{"start":{"line":9,"column":4},"end":{"line":9,"column":50}},"7":{"start":{"line":11,"column":4},"end":{"line":11,"column":17}}},"fnMap":{"0":{"name":"decodificarTexto","decl":{"start":{"line":1,"column":16},"end":{"line":1,"column":32}},"loc":{"start":{"line":1,"column":65},"end":{"line":13,"column":1}}},"1":{"name":"(anonymous_1)","decl":{"start":{"line":7,"column":26},"end":{"line":7,"column":27}},"loc":{"start":{"line":7,"column":40},"end":{"line":7,"column":69}}}},"branchMap":{"0":{"loc":{"start":{"line":2,"column":2},"end":{"line":4,"column":3}},"type":"if","locations":[{"start":{"line":2,"column":2},"end":{"line":4,"column":3}}]}},"s":{"0":0,"1":0,"2":0,"3":0,"4":0,"5":0,"6":0,"7":0},"f":{"0":0,"1":0},"b":{"0":[0]}}
}
