{"C:\\Users\\USUARIO\\Documents\\5_SEMESTRE\\Taller de Diseño de Software I\\isw-213-examen\\Code\\server\\utils-calculos.js": {"path":"C:\\Users\\USUARIO\\Documents\\5_SEMESTRE\\Taller de Diseño de Software I\\isw-213-examen\\Code\\server\\utils-calculos.js","statementMap":{"0":{"start":{"line":4,"column":2},"end":{"line":4,"column":58}},"1":{"start":{"line":4,"column":45},"end":{"line":4,"column":58}},"2":{"start":{"line":5,"column":2},"end":{"line":5,"column":35}},"3":{"start":{"line":9,"column":2},"end":{"line":9,"column":66}},"4":{"start":{"line":9,"column":14},"end":{"line":9,"column":66}},"5":{"start":{"line":10,"column":50},"end":{"line":10,"column":55}},"6":{"start":{"line":12,"column":2},"end":{"line":14,"column":3}},"7":{"start":{"line":13,"column":4},"end":{"line":13,"column":82}},"8":{"start":{"line":15,"column":2},"end":{"line":17,"column":3}},"9":{"start":{"line":16,"column":4},"end":{"line":16,"column":80}},"10":{"start":{"line":18,"column":2},"end":{"line":20,"column":3}},"11":{"start":{"line":19,"column":4},"end":{"line":19,"column":66}},"12":{"start":{"line":21,"column":2},"end":{"line":23,"column":3}},"13":{"start":{"line":22,"column":4},"end":{"line":22,"column":64}},"14":{"start":{"line":24,"column":2},"end":{"line":24,"column":39}},"15":{"start":{"line":28,"column":2},"end":{"line":28,"column":52}},"16":{"start":{"line":28,"column":39},"end":{"line":28,"column":52}},"17":{"start":{"line":29,"column":2},"end":{"line":29,"column":52}},"18":{"start":{"line":29,"column":25},"end":{"line":29,"column":50}},"19":{"start":{"line":33,"column":21},"end":{"line":33,"column":48}},"20":{"start":{"line":34,"column":2},"end":{"line":36,"column":3}},"21":{"start":{"line":35,"column":4},"end":{"line":35,"column":50}},"22":{"start":{"line":37,"column":2},"end":{"line":39,"column":3}},"23":{"start":{"line":38,"column":4},"end":{"line":38,"column":67}},"24":{"start":{"line":40,"column":18},"end":{"line":40,"column":52}},"25":{"start":{"line":41,"column":2},"end":{"line":41,"column":22}},"26":{"start":{"line":42,"column":2},"end":{"line":42,"column":31}},"27":{"start":{"line":48,"column":2},"end":{"line":50,"column":3}},"28":{"start":{"line":49,"column":4},"end":{"line":49,"column":67}},"29":{"start":{"line":51,"column":18},"end":{"line":51,"column":40}},"30":{"start":{"line":52,"column":17},"end":{"line":52,"column":38}},"31":{"start":{"line":53,"column":2},"end":{"line":55,"column":3}},"32":{"start":{"line":54,"column":4},"end":{"line":54,"column":56}},"33":{"start":{"line":56,"column":2},"end":{"line":58,"column":3}},"34":{"start":{"line":57,"column":4},"end":{"line":57,"column":93}},"35":{"start":{"line":59,"column":2},"end":{"line":59,"column":39}},"36":{"start":{"line":63,"column":18},"end":{"line":63,"column":40}},"37":{"start":{"line":64,"column":17},"end":{"line":64,"column":38}},"38":{"start":{"line":65,"column":15},"end":{"line":65,"column":51}},"39":{"start":{"line":66,"column":2},"end":{"line":66,"column":50}},"40":{"start":{"line":70,"column":2},"end":{"line":70,"column":89}},"41":{"start":{"line":70,"column":76},"end":{"line":70,"column":89}},"42":{"start":{"line":71,"column":2},"end":{"line":71,"column":38}},"43":{"start":{"line":75,"column":2},"end":{"line":75,"column":75}},"44":{"start":{"line":75,"column":62},"end":{"line":75,"column":75}},"45":{"start":{"line":76,"column":18},"end":{"line":76,"column":40}},"46":{"start":{"line":77,"column":17},"end":{"line":77,"column":38}},"47":{"start":{"line":78,"column":2},"end":{"line":82,"column":5}},"48":{"start":{"line":79,"column":21},"end":{"line":79,"column":46}},"49":{"start":{"line":80,"column":20},"end":{"line":80,"column":46}},"50":{"start":{"line":81,"column":4},"end":{"line":81,"column":50}},"51":{"start":{"line":87,"column":25},"end":{"line":87,"column":36}},"52":{"start":{"line":88,"column":25},"end":{"line":88,"column":36}},"53":{"start":{"line":89,"column":22},"end":{"line":89,"column":30}},"54":{"start":{"line":92,"column":2},"end":{"line":92,"column":52}},"55":{"start":{"line":92,"column":42},"end":{"line":92,"column":52}},"56":{"start":{"line":93,"column":19},"end":{"line":93,"column":32}},"57":{"start":{"line":94,"column":2},"end":{"line":94,"column":32}},"58":{"start":{"line":95,"column":2},"end":{"line":100,"column":5}},"59":{"start":{"line":96,"column":4},"end":{"line":96,"column":52}},"60":{"start":{"line":96,"column":39},"end":{"line":96,"column":52}},"61":{"start":{"line":97,"column":20},"end":{"line":97,"column":45}},"62":{"start":{"line":98,"column":4},"end":{"line":98,"column":33}},"63":{"start":{"line":99,"column":4},"end":{"line":99,"column":61}},"64":{"start":{"line":104,"column":2},"end":{"line":104,"column":27}},"65":{"start":{"line":104,"column":17},"end":{"line":104,"column":27}},"66":{"start":{"line":105,"column":2},"end":{"line":107,"column":4}},"67":{"start":{"line":106,"column":14},"end":{"line":106,"column":67}},"68":{"start":{"line":111,"column":2},"end":{"line":111,"column":79}},"69":{"start":{"line":111,"column":42},"end":{"line":111,"column":79}},"70":{"start":{"line":112,"column":2},"end":{"line":112,"column":14}},"71":{"start":{"line":118,"column":2},"end":{"line":118,"column":72}},"72":{"start":{"line":118,"column":16},"end":{"line":118,"column":72}},"73":{"start":{"line":119,"column":2},"end":{"line":121,"column":3}},"74":{"start":{"line":120,"column":4},"end":{"line":120,"column":54}},"75":{"start":{"line":122,"column":2},"end":{"line":124,"column":3}},"76":{"start":{"line":123,"column":4},"end":{"line":123,"column":60}},"77":{"start":{"line":125,"column":2},"end":{"line":125,"column":25}},"78":{"start":{"line":129,"column":21},"end":{"line":129,"column":50}},"79":{"start":{"line":130,"column":2},"end":{"line":132,"column":3}},"80":{"start":{"line":131,"column":4},"end":{"line":131,"column":50}},"81":{"start":{"line":133,"column":2},"end":{"line":133,"column":82}},"82":{"start":{"line":137,"column":13},"end":{"line":137,"column":35}},"83":{"start":{"line":138,"column":13},"end":{"line":138,"column":26}},"84":{"start":{"line":139,"column":2},"end":{"line":143,"column":4}},"85":{"start":{"line":148,"column":25},"end":{"line":173,"column":1}},"86":{"start":{"line":176,"column":2},"end":{"line":176,"column":27}},"87":{"start":{"line":176,"column":15},"end":{"line":176,"column":27}},"88":{"start":{"line":177,"column":2},"end":{"line":177,"column":42}},"89":{"start":{"line":181,"column":2},"end":{"line":181,"column":61}},"90":{"start":{"line":181,"column":51},"end":{"line":181,"column":61}},"91":{"start":{"line":182,"column":2},"end":{"line":182,"column":52}},"92":{"start":{"line":182,"column":33},"end":{"line":182,"column":50}},"93":{"start":{"line":186,"column":2},"end":{"line":186,"column":82}},"94":{"start":{"line":186,"column":69},"end":{"line":186,"column":82}},"95":{"start":{"line":187,"column":2},"end":{"line":187,"column":72}},"96":{"start":{"line":191,"column":2},"end":{"line":191,"column":47}},"97":{"start":{"line":191,"column":34},"end":{"line":191,"column":47}},"98":{"start":{"line":192,"column":22},"end":{"line":192,"column":56}},"99":{"start":{"line":192,"column":37},"end":{"line":192,"column":55}},"100":{"start":{"line":193,"column":2},"end":{"line":193,"column":52}},"101":{"start":{"line":199,"column":2},"end":{"line":199,"column":77}},"102":{"start":{"line":199,"column":54},"end":{"line":199,"column":77}},"103":{"start":{"line":200,"column":2},"end":{"line":200,"column":29}},"104":{"start":{"line":204,"column":2},"end":{"line":204,"column":29}},"105":{"start":{"line":204,"column":17},"end":{"line":204,"column":29}},"106":{"start":{"line":205,"column":2},"end":{"line":209,"column":4}},"107":{"start":{"line":213,"column":2},"end":{"line":213,"column":57}},"108":{"start":{"line":213,"column":47},"end":{"line":213,"column":57}},"109":{"start":{"line":214,"column":2},"end":{"line":214,"column":42}},"110":{"start":{"line":218,"column":2},"end":{"line":218,"column":82}},"111":{"start":{"line":218,"column":44},"end":{"line":218,"column":82}},"112":{"start":{"line":219,"column":2},"end":{"line":219,"column":14}},"113":{"start":{"line":225,"column":17},"end":{"line":225,"column":47}},"114":{"start":{"line":226,"column":2},"end":{"line":226,"column":20}},"115":{"start":{"line":230,"column":17},"end":{"line":230,"column":40}},"116":{"start":{"line":231,"column":17},"end":{"line":231,"column":40}},"117":{"start":{"line":232,"column":2},"end":{"line":232,"column":25}},"118":{"start":{"line":236,"column":2},"end":{"line":236,"column":36}},"119":{"start":{"line":236,"column":27},"end":{"line":236,"column":36}},"120":{"start":{"line":237,"column":2},"end":{"line":237,"column":47}},"121":{"start":{"line":241,"column":2},"end":{"line":243,"column":3}},"122":{"start":{"line":242,"column":4},"end":{"line":242,"column":61}},"123":{"start":{"line":244,"column":2},"end":{"line":246,"column":3}},"124":{"start":{"line":245,"column":4},"end":{"line":245,"column":61}},"125":{"start":{"line":247,"column":2},"end":{"line":247,"column":25}},"126":{"start":{"line":250,"column":0},"end":{"line":276,"column":2}}},"fnMap":{"0":{"name":"validarNombreMinimo","decl":{"start":{"line":3,"column":9},"end":{"line":3,"column":28}},"loc":{"start":{"line":3,"column":37},"end":{"line":6,"column":1}},"line":3},"1":{"name":"validarCamposHuesped","decl":{"start":{"line":8,"column":9},"end":{"line":8,"column":29}},"loc":{"start":{"line":8,"column":37},"end":{"line":25,"column":1}},"line":8},"2":{"name":"documentoYaRegistrado","decl":{"start":{"line":27,"column":9},"end":{"line":27,"column":30}},"loc":{"start":{"line":27,"column":49},"end":{"line":30,"column":1}},"line":27},"3":{"name":"(anonymous_3)","decl":{"start":{"line":29,"column":20},"end":{"line":29,"column":21}},"loc":{"start":{"line":29,"column":25},"end":{"line":29,"column":50}},"line":29},"4":{"name":"registrarHuespedEnLista","decl":{"start":{"line":32,"column":9},"end":{"line":32,"column":32}},"loc":{"start":{"line":32,"column":47},"end":{"line":43,"column":1}},"line":32},"5":{"name":"validarFechasReserva","decl":{"start":{"line":47,"column":9},"end":{"line":47,"column":29}},"loc":{"start":{"line":47,"column":57},"end":{"line":60,"column":1}},"line":47},"6":{"name":"calcularNoches","decl":{"start":{"line":62,"column":9},"end":{"line":62,"column":23}},"loc":{"start":{"line":62,"column":51},"end":{"line":67,"column":1}},"line":62},"7":{"name":"validarCapacidad","decl":{"start":{"line":69,"column":9},"end":{"line":69,"column":25}},"loc":{"start":{"line":69,"column":54},"end":{"line":72,"column":1}},"line":69},"8":{"name":"tieneConflictoFechas","decl":{"start":{"line":74,"column":9},"end":{"line":74,"column":29}},"loc":{"start":{"line":74,"column":77},"end":{"line":83,"column":1}},"line":74},"9":{"name":"(anonymous_9)","decl":{"start":{"line":78,"column":33},"end":{"line":78,"column":34}},"loc":{"start":{"line":78,"column":38},"end":{"line":82,"column":3}},"line":78},"10":{"name":"filtrarActivasYFuturas","decl":{"start":{"line":91,"column":9},"end":{"line":91,"column":31}},"loc":{"start":{"line":91,"column":47},"end":{"line":101,"column":1}},"line":91},"11":{"name":"(anonymous_11)","decl":{"start":{"line":95,"column":25},"end":{"line":95,"column":26}},"loc":{"start":{"line":95,"column":30},"end":{"line":100,"column":3}},"line":95},"12":{"name":"ordenarPorFechaIngreso","decl":{"start":{"line":103,"column":9},"end":{"line":103,"column":31}},"loc":{"start":{"line":103,"column":42},"end":{"line":108,"column":1}},"line":103},"13":{"name":"(anonymous_13)","decl":{"start":{"line":106,"column":4},"end":{"line":106,"column":5}},"loc":{"start":{"line":106,"column":14},"end":{"line":106,"column":67}},"line":106},"14":{"name":"mensajeListadoVacio","decl":{"start":{"line":110,"column":9},"end":{"line":110,"column":28}},"loc":{"start":{"line":110,"column":39},"end":{"line":113,"column":1}},"line":110},"15":{"name":"puedeRealizarCheckin","decl":{"start":{"line":117,"column":9},"end":{"line":117,"column":29}},"loc":{"start":{"line":117,"column":39},"end":{"line":126,"column":1}},"line":117},"16":{"name":"realizarCheckin","decl":{"start":{"line":128,"column":9},"end":{"line":128,"column":24}},"loc":{"start":{"line":128,"column":34},"end":{"line":134,"column":1}},"line":128},"17":{"name":"checkinEnFechaExacta","decl":{"start":{"line":136,"column":9},"end":{"line":136,"column":29}},"loc":{"start":{"line":136,"column":49},"end":{"line":144,"column":1}},"line":136},"18":{"name":"obtenerCaracteristicasTipo","decl":{"start":{"line":175,"column":9},"end":{"line":175,"column":35}},"loc":{"start":{"line":175,"column":44},"end":{"line":178,"column":1}},"line":175},"19":{"name":"listarVariacionesActivas","decl":{"start":{"line":180,"column":9},"end":{"line":180,"column":33}},"loc":{"start":{"line":180,"column":47},"end":{"line":183,"column":1}},"line":180},"20":{"name":"(anonymous_20)","decl":{"start":{"line":182,"column":28},"end":{"line":182,"column":29}},"loc":{"start":{"line":182,"column":33},"end":{"line":182,"column":50}},"line":182},"21":{"name":"validarVariacionSeleccionada","decl":{"start":{"line":185,"column":9},"end":{"line":185,"column":37}},"loc":{"start":{"line":185,"column":46},"end":{"line":188,"column":1}},"line":185},"22":{"name":"variacionesDistintas","decl":{"start":{"line":190,"column":9},"end":{"line":190,"column":29}},"loc":{"start":{"line":190,"column":37},"end":{"line":194,"column":1}},"line":190},"23":{"name":"(anonymous_23)","decl":{"start":{"line":192,"column":32},"end":{"line":192,"column":33}},"loc":{"start":{"line":192,"column":37},"end":{"line":192,"column":55}},"line":192},"24":{"name":"formatearTelefono","decl":{"start":{"line":198,"column":9},"end":{"line":198,"column":26}},"loc":{"start":{"line":198,"column":37},"end":{"line":201,"column":1}},"line":198},"25":{"name":"formatearContacto","decl":{"start":{"line":203,"column":9},"end":{"line":203,"column":26}},"loc":{"start":{"line":203,"column":37},"end":{"line":210,"column":1}},"line":203},"26":{"name":"listarContactos","decl":{"start":{"line":212,"column":9},"end":{"line":212,"column":24}},"loc":{"start":{"line":212,"column":36},"end":{"line":215,"column":1}},"line":212},"27":{"name":"mensajeContactosVacio","decl":{"start":{"line":217,"column":9},"end":{"line":217,"column":30}},"loc":{"start":{"line":217,"column":42},"end":{"line":220,"column":1}},"line":217},"28":{"name":"parsearHora","decl":{"start":{"line":224,"column":9},"end":{"line":224,"column":20}},"loc":{"start":{"line":224,"column":30},"end":{"line":227,"column":1}},"line":224},"29":{"name":"esSalidaTardia","decl":{"start":{"line":229,"column":9},"end":{"line":229,"column":23}},"loc":{"start":{"line":229,"column":48},"end":{"line":233,"column":1}},"line":229},"30":{"name":"calcularCargoLate","decl":{"start":{"line":235,"column":9},"end":{"line":235,"column":26}},"loc":{"start":{"line":235,"column":58},"end":{"line":238,"column":1}},"line":235},"31":{"name":"puedeRealizarCheckout","decl":{"start":{"line":240,"column":9},"end":{"line":240,"column":30}},"loc":{"start":{"line":240,"column":41},"end":{"line":248,"column":1}},"line":240}},"branchMap":{"0":{"loc":{"start":{"line":4,"column":2},"end":{"line":4,"column":58}},"type":"if","locations":[{"start":{"line":4,"column":2},"end":{"line":4,"column":58}},{"start":{},"end":{}}],"line":4},"1":{"loc":{"start":{"line":4,"column":6},"end":{"line":4,"column":43}},"type":"binary-expr","locations":[{"start":{"line":4,"column":6},"end":{"line":4,"column":13}},{"start":{"line":4,"column":17},"end":{"line":4,"column":43}}],"line":4},"2":{"loc":{"start":{"line":9,"column":2},"end":{"line":9,"column":66}},"type":"if","locations":[{"start":{"line":9,"column":2},"end":{"line":9,"column":66}},{"start":{},"end":{}}],"line":9},"3":{"loc":{"start":{"line":12,"column":2},"end":{"line":14,"column":3}},"type":"if","locations":[{"start":{"line":12,"column":2},"end":{"line":14,"column":3}},{"start":{},"end":{}}],"line":12},"4":{"loc":{"start":{"line":12,"column":6},"end":{"line":12,"column":41}},"type":"binary-expr","locations":[{"start":{"line":12,"column":6},"end":{"line":12,"column":13}},{"start":{"line":12,"column":17},"end":{"line":12,"column":41}}],"line":12},"5":{"loc":{"start":{"line":15,"column":2},"end":{"line":17,"column":3}},"type":"if","locations":[{"start":{"line":15,"column":2},"end":{"line":17,"column":3}},{"start":{},"end":{}}],"line":15},"6":{"loc":{"start":{"line":15,"column":6},"end":{"line":15,"column":43}},"type":"binary-expr","locations":[{"start":{"line":15,"column":6},"end":{"line":15,"column":16}},{"start":{"line":15,"column":20},"end":{"line":15,"column":43}}],"line":15},"7":{"loc":{"start":{"line":18,"column":2},"end":{"line":20,"column":3}},"type":"if","locations":[{"start":{"line":18,"column":2},"end":{"line":20,"column":3}},{"start":{},"end":{}}],"line":18},"8":{"loc":{"start":{"line":18,"column":6},"end":{"line":18,"column":41}},"type":"binary-expr","locations":[{"start":{"line":18,"column":6},"end":{"line":18,"column":15}},{"start":{"line":18,"column":19},"end":{"line":18,"column":41}}],"line":18},"9":{"loc":{"start":{"line":21,"column":2},"end":{"line":23,"column":3}},"type":"if","locations":[{"start":{"line":21,"column":2},"end":{"line":23,"column":3}},{"start":{},"end":{}}],"line":21},"10":{"loc":{"start":{"line":21,"column":6},"end":{"line":21,"column":37}},"type":"binary-expr","locations":[{"start":{"line":21,"column":6},"end":{"line":21,"column":13}},{"start":{"line":21,"column":17},"end":{"line":21,"column":37}}],"line":21},"11":{"loc":{"start":{"line":28,"column":2},"end":{"line":28,"column":52}},"type":"if","locations":[{"start":{"line":28,"column":2},"end":{"line":28,"column":52}},{"start":{},"end":{}}],"line":28},"12":{"loc":{"start":{"line":28,"column":6},"end":{"line":28,"column":37}},"type":"binary-expr","locations":[{"start":{"line":28,"column":6},"end":{"line":28,"column":12}},{"start":{"line":28,"column":16},"end":{"line":28,"column":37}}],"line":28},"13":{"loc":{"start":{"line":34,"column":2},"end":{"line":36,"column":3}},"type":"if","locations":[{"start":{"line":34,"column":2},"end":{"line":36,"column":3}},{"start":{},"end":{}}],"line":34},"14":{"loc":{"start":{"line":37,"column":2},"end":{"line":39,"column":3}},"type":"if","locations":[{"start":{"line":37,"column":2},"end":{"line":39,"column":3}},{"start":{},"end":{}}],"line":37},"15":{"loc":{"start":{"line":48,"column":2},"end":{"line":50,"column":3}},"type":"if","locations":[{"start":{"line":48,"column":2},"end":{"line":50,"column":3}},{"start":{},"end":{}}],"line":48},"16":{"loc":{"start":{"line":48,"column":6},"end":{"line":48,"column":35}},"type":"binary-expr","locations":[{"start":{"line":48,"column":6},"end":{"line":48,"column":19}},{"start":{"line":48,"column":23},"end":{"line":48,"column":35}}],"line":48},"17":{"loc":{"start":{"line":53,"column":2},"end":{"line":55,"column":3}},"type":"if","locations":[{"start":{"line":53,"column":2},"end":{"line":55,"column":3}},{"start":{},"end":{}}],"line":53},"18":{"loc":{"start":{"line":53,"column":6},"end":{"line":53,"column":57}},"type":"binary-expr","locations":[{"start":{"line":53,"column":6},"end":{"line":53,"column":30}},{"start":{"line":53,"column":34},"end":{"line":53,"column":57}}],"line":53},"19":{"loc":{"start":{"line":56,"column":2},"end":{"line":58,"column":3}},"type":"if","locations":[{"start":{"line":56,"column":2},"end":{"line":58,"column":3}},{"start":{},"end":{}}],"line":56},"20":{"loc":{"start":{"line":70,"column":2},"end":{"line":70,"column":89}},"type":"if","locations":[{"start":{"line":70,"column":2},"end":{"line":70,"column":89}},{"start":{},"end":{}}],"line":70},"21":{"loc":{"start":{"line":70,"column":6},"end":{"line":70,"column":74}},"type":"binary-expr","locations":[{"start":{"line":70,"column":6},"end":{"line":70,"column":38}},{"start":{"line":70,"column":42},"end":{"line":70,"column":74}}],"line":70},"22":{"loc":{"start":{"line":75,"column":2},"end":{"line":75,"column":75}},"type":"if","locations":[{"start":{"line":75,"column":2},"end":{"line":75,"column":75}},{"start":{},"end":{}}],"line":75},"23":{"loc":{"start":{"line":75,"column":6},"end":{"line":75,"column":60}},"type":"binary-expr","locations":[{"start":{"line":75,"column":6},"end":{"line":75,"column":25}},{"start":{"line":75,"column":29},"end":{"line":75,"column":60}}],"line":75},"24":{"loc":{"start":{"line":81,"column":11},"end":{"line":81,"column":49}},"type":"binary-expr","locations":[{"start":{"line":81,"column":11},"end":{"line":81,"column":28}},{"start":{"line":81,"column":32},"end":{"line":81,"column":49}}],"line":81},"25":{"loc":{"start":{"line":92,"column":2},"end":{"line":92,"column":52}},"type":"if","locations":[{"start":{"line":92,"column":2},"end":{"line":92,"column":52}},{"start":{},"end":{}}],"line":92},"26":{"loc":{"start":{"line":92,"column":6},"end":{"line":92,"column":40}},"type":"binary-expr","locations":[{"start":{"line":92,"column":6},"end":{"line":92,"column":15}},{"start":{"line":92,"column":19},"end":{"line":92,"column":40}}],"line":92},"27":{"loc":{"start":{"line":96,"column":4},"end":{"line":96,"column":52}},"type":"if","locations":[{"start":{"line":96,"column":4},"end":{"line":96,"column":52}},{"start":{},"end":{}}],"line":96},"28":{"loc":{"start":{"line":99,"column":11},"end":{"line":99,"column":60}},"type":"binary-expr","locations":[{"start":{"line":99,"column":11},"end":{"line":99,"column":30}},{"start":{"line":99,"column":34},"end":{"line":99,"column":60}}],"line":99},"29":{"loc":{"start":{"line":104,"column":2},"end":{"line":104,"column":27}},"type":"if","locations":[{"start":{"line":104,"column":2},"end":{"line":104,"column":27}},{"start":{},"end":{}}],"line":104},"30":{"loc":{"start":{"line":111,"column":2},"end":{"line":111,"column":79}},"type":"if","locations":[{"start":{"line":111,"column":2},"end":{"line":111,"column":79}},{"start":{},"end":{}}],"line":111},"31":{"loc":{"start":{"line":111,"column":6},"end":{"line":111,"column":40}},"type":"binary-expr","locations":[{"start":{"line":111,"column":6},"end":{"line":111,"column":15}},{"start":{"line":111,"column":19},"end":{"line":111,"column":40}}],"line":111},"32":{"loc":{"start":{"line":118,"column":2},"end":{"line":118,"column":72}},"type":"if","locations":[{"start":{"line":118,"column":2},"end":{"line":118,"column":72}},{"start":{},"end":{}}],"line":118},"33":{"loc":{"start":{"line":119,"column":2},"end":{"line":121,"column":3}},"type":"if","locations":[{"start":{"line":119,"column":2},"end":{"line":121,"column":3}},{"start":{},"end":{}}],"line":119},"34":{"loc":{"start":{"line":122,"column":2},"end":{"line":124,"column":3}},"type":"if","locations":[{"start":{"line":122,"column":2},"end":{"line":124,"column":3}},{"start":{},"end":{}}],"line":122},"35":{"loc":{"start":{"line":130,"column":2},"end":{"line":132,"column":3}},"type":"if","locations":[{"start":{"line":130,"column":2},"end":{"line":132,"column":3}},{"start":{},"end":{}}],"line":130},"36":{"loc":{"start":{"line":140,"column":4},"end":{"line":142,"column":33}},"type":"binary-expr","locations":[{"start":{"line":140,"column":4},"end":{"line":140,"column":41}},{"start":{"line":141,"column":4},"end":{"line":141,"column":35}},{"start":{"line":142,"column":4},"end":{"line":142,"column":33}}],"line":140},"37":{"loc":{"start":{"line":176,"column":2},"end":{"line":176,"column":27}},"type":"if","locations":[{"start":{"line":176,"column":2},"end":{"line":176,"column":27}},{"start":{},"end":{}}],"line":176},"38":{"loc":{"start":{"line":177,"column":9},"end":{"line":177,"column":41}},"type":"binary-expr","locations":[{"start":{"line":177,"column":9},"end":{"line":177,"column":33}},{"start":{"line":177,"column":37},"end":{"line":177,"column":41}}],"line":177},"39":{"loc":{"start":{"line":181,"column":2},"end":{"line":181,"column":61}},"type":"if","locations":[{"start":{"line":181,"column":2},"end":{"line":181,"column":61}},{"start":{},"end":{}}],"line":181},"40":{"loc":{"start":{"line":181,"column":6},"end":{"line":181,"column":49}},"type":"binary-expr","locations":[{"start":{"line":181,"column":6},"end":{"line":181,"column":18}},{"start":{"line":181,"column":22},"end":{"line":181,"column":49}}],"line":181},"41":{"loc":{"start":{"line":186,"column":2},"end":{"line":186,"column":82}},"type":"if","locations":[{"start":{"line":186,"column":2},"end":{"line":186,"column":82}},{"start":{},"end":{}}],"line":186},"42":{"loc":{"start":{"line":186,"column":6},"end":{"line":186,"column":67}},"type":"binary-expr","locations":[{"start":{"line":186,"column":6},"end":{"line":186,"column":13}},{"start":{"line":186,"column":17},"end":{"line":186,"column":43}},{"start":{"line":186,"column":47},"end":{"line":186,"column":67}}],"line":186},"43":{"loc":{"start":{"line":191,"column":2},"end":{"line":191,"column":47}},"type":"if","locations":[{"start":{"line":191,"column":2},"end":{"line":191,"column":47}},{"start":{},"end":{}}],"line":191},"44":{"loc":{"start":{"line":191,"column":6},"end":{"line":191,"column":32}},"type":"binary-expr","locations":[{"start":{"line":191,"column":6},"end":{"line":191,"column":12}},{"start":{"line":191,"column":16},"end":{"line":191,"column":32}}],"line":191},"45":{"loc":{"start":{"line":199,"column":2},"end":{"line":199,"column":77}},"type":"if","locations":[{"start":{"line":199,"column":2},"end":{"line":199,"column":77}},{"start":{},"end":{}}],"line":199},"46":{"loc":{"start":{"line":199,"column":6},"end":{"line":199,"column":52}},"type":"binary-expr","locations":[{"start":{"line":199,"column":6},"end":{"line":199,"column":15}},{"start":{"line":199,"column":19},"end":{"line":199,"column":52}}],"line":199},"47":{"loc":{"start":{"line":204,"column":2},"end":{"line":204,"column":29}},"type":"if","locations":[{"start":{"line":204,"column":2},"end":{"line":204,"column":29}},{"start":{},"end":{}}],"line":204},"48":{"loc":{"start":{"line":213,"column":2},"end":{"line":213,"column":57}},"type":"if","locations":[{"start":{"line":213,"column":2},"end":{"line":213,"column":57}},{"start":{},"end":{}}],"line":213},"49":{"loc":{"start":{"line":213,"column":6},"end":{"line":213,"column":45}},"type":"binary-expr","locations":[{"start":{"line":213,"column":6},"end":{"line":213,"column":16}},{"start":{"line":213,"column":20},"end":{"line":213,"column":45}}],"line":213},"50":{"loc":{"start":{"line":218,"column":2},"end":{"line":218,"column":82}},"type":"if","locations":[{"start":{"line":218,"column":2},"end":{"line":218,"column":82}},{"start":{},"end":{}}],"line":218},"51":{"loc":{"start":{"line":218,"column":6},"end":{"line":218,"column":42}},"type":"binary-expr","locations":[{"start":{"line":218,"column":6},"end":{"line":218,"column":16}},{"start":{"line":218,"column":20},"end":{"line":218,"column":42}}],"line":218},"52":{"loc":{"start":{"line":236,"column":2},"end":{"line":236,"column":36}},"type":"if","locations":[{"start":{"line":236,"column":2},"end":{"line":236,"column":36}},{"start":{},"end":{}}],"line":236},"53":{"loc":{"start":{"line":241,"column":2},"end":{"line":243,"column":3}},"type":"if","locations":[{"start":{"line":241,"column":2},"end":{"line":243,"column":3}},{"start":{},"end":{}}],"line":241},"54":{"loc":{"start":{"line":241,"column":6},"end":{"line":241,"column":46}},"type":"binary-expr","locations":[{"start":{"line":241,"column":6},"end":{"line":241,"column":15}},{"start":{"line":241,"column":19},"end":{"line":241,"column":46}}],"line":241},"55":{"loc":{"start":{"line":244,"column":2},"end":{"line":246,"column":3}},"type":"if","locations":[{"start":{"line":244,"column":2},"end":{"line":246,"column":3}},{"start":{},"end":{}}],"line":244}},"s":{"0":7,"1":3,"2":4,"3":9,"4":1,"5":8,"6":8,"7":2,"8":6,"9":1,"10":5,"11":1,"12":4,"13":1,"14":3,"15":46,"16":7,"17":39,"18":2551,"19":3,"20":3,"21":1,"22":2,"23":1,"24":1,"25":1,"26":1,"27":12,"28":4,"29":8,"30":8,"31":8,"32":2,"33":6,"34":4,"35":2,"36":5,"37":5,"38":5,"39":5,"40":9,"41":3,"42":6,"43":11,"44":3,"45":8,"46":8,"47":8,"48":11,"49":11,"50":11,"51":3,"52":3,"53":3,"54":3,"55":2,"56":1,"57":1,"58":1,"59":2,"60":1,"61":1,"62":1,"63":1,"64":2,"65":1,"66":1,"67":1,"68":2,"69":1,"70":1,"71":6,"72":2,"73":4,"74":1,"75":3,"76":1,"77":2,"78":2,"79":2,"80":1,"81":1,"82":4,"83":4,"84":4,"85":3,"86":8,"87":3,"88":5,"89":2,"90":1,"91":1,"92":2,"93":3,"94":1,"95":2,"96":3,"97":1,"98":2,"99":4,"100":2,"101":5,"102":2,"103":3,"104":3,"105":1,"106":2,"107":2,"108":1,"109":1,"110":2,"111":1,"112":1,"113":6,"114":6,"115":3,"116":3,"117":3,"118":3,"119":2,"120":1,"121":3,"122":1,"123":2,"124":1,"125":1,"126":3},"f":{"0":7,"1":9,"2":46,"3":2551,"4":3,"5":12,"6":5,"7":9,"8":11,"9":11,"10":3,"11":2,"12":2,"13":1,"14":2,"15":6,"16":2,"17":4,"18":8,"19":2,"20":2,"21":3,"22":3,"23":4,"24":5,"25":3,"26":2,"27":2,"28":6,"29":3,"30":3,"31":3},"b":{"0":[3,4],"1":[7,5],"2":[1,8],"3":[2,6],"4":[8,6],"5":[1,5],"6":[6,5],"7":[1,4],"8":[5,4],"9":[1,3],"10":[4,3],"11":[7,39],"12":[46,43],"13":[1,2],"14":[1,1],"15":[4,8],"16":[12,9],"17":[2,6],"18":[8,6],"19":[4,2],"20":[3,6],"21":[9,7],"22":[3,8],"23":[11,10],"24":[11,6],"25":[2,1],"26":[3,2],"27":[1,1],"28":[1,0],"29":[1,1],"30":[1,1],"31":[2,2],"32":[2,4],"33":[1,3],"34":[1,2],"35":[1,1],"36":[4,3,2],"37":[3,5],"38":[5,1],"39":[1,1],"40":[2,1],"41":[1,2],"42":[3,2,2],"43":[1,2],"44":[3,3],"45":[2,3],"46":[5,3],"47":[1,2],"48":[1,1],"49":[2,1],"50":[1,1],"51":[2,2],"52":[2,1],"53":[1,2],"54":[3,2],"55":[1,1]},"_coverageSchema":"1a1c01bbd47fc00a2c39e90264f33305004495a9","hash":"4bd7c178442692dec382e71859668c9a5e0600df"}
}
