{"C:\\Users\\USUARIO\\Documents\\5_SEMESTRE\\Taller de Diseño de Software I\\isw-213-examen\\Code\\server\\utils-calculos.js": {"path":"C:\\Users\\USUARIO\\Documents\\5_SEMESTRE\\Taller de Diseño de Software I\\isw-213-examen\\Code\\server\\utils-calculos.js","statementMap":{"0":{"start":{"line":4,"column":2},"end":{"line":4,"column":58}},"1":{"start":{"line":4,"column":45},"end":{"line":4,"column":58}},"2":{"start":{"line":5,"column":2},"end":{"line":5,"column":35}},"3":{"start":{"line":9,"column":2},"end":{"line":9,"column":66}},"4":{"start":{"line":9,"column":14},"end":{"line":9,"column":66}},"5":{"start":{"line":10,"column":50},"end":{"line":10,"column":55}},"6":{"start":{"line":12,"column":2},"end":{"line":14,"column":3}},"7":{"start":{"line":13,"column":4},"end":{"line":13,"column":82}},"8":{"start":{"line":15,"column":2},"end":{"line":17,"column":3}},"9":{"start":{"line":16,"column":4},"end":{"line":16,"column":80}},"10":{"start":{"line":18,"column":2},"end":{"line":20,"column":3}},"11":{"start":{"line":19,"column":4},"end":{"line":19,"column":66}},"12":{"start":{"line":21,"column":2},"end":{"line":23,"column":3}},"13":{"start":{"line":22,"column":4},"end":{"line":22,"column":64}},"14":{"start":{"line":24,"column":2},"end":{"line":24,"column":39}},"15":{"start":{"line":28,"column":2},"end":{"line":28,"column":52}},"16":{"start":{"line":28,"column":39},"end":{"line":28,"column":52}},"17":{"start":{"line":29,"column":2},"end":{"line":29,"column":52}},"18":{"start":{"line":29,"column":25},"end":{"line":29,"column":50}},"19":{"start":{"line":33,"column":21},"end":{"line":33,"column":48}},"20":{"start":{"line":34,"column":2},"end":{"line":36,"column":3}},"21":{"start":{"line":35,"column":4},"end":{"line":35,"column":50}},"22":{"start":{"line":37,"column":2},"end":{"line":39,"column":3}},"23":{"start":{"line":38,"column":4},"end":{"line":38,"column":67}},"24":{"start":{"line":40,"column":18},"end":{"line":40,"column":52}},"25":{"start":{"line":41,"column":2},"end":{"line":41,"column":22}},"26":{"start":{"line":42,"column":2},"end":{"line":42,"column":31}},"27":{"start":{"line":48,"column":2},"end":{"line":50,"column":3}},"28":{"start":{"line":49,"column":4},"end":{"line":49,"column":67}},"29":{"start":{"line":51,"column":18},"end":{"line":51,"column":40}},"30":{"start":{"line":52,"column":17},"end":{"line":52,"column":38}},"31":{"start":{"line":53,"column":2},"end":{"line":55,"column":3}},"32":{"start":{"line":54,"column":4},"end":{"line":54,"column":56}},"33":{"start":{"line":56,"column":2},"end":{"line":58,"column":3}},"34":{"start":{"line":57,"column":4},"end":{"line":57,"column":93}},"35":{"start":{"line":59,"column":2},"end":{"line":59,"column":39}},"36":{"start":{"line":62,"column":19},"end":{"line":62,"column":38}},"37":{"start":{"line":65,"column":18},"end":{"line":65,"column":40}},"38":{"start":{"line":66,"column":17},"end":{"line":66,"column":38}},"39":{"start":{"line":67,"column":15},"end":{"line":67,"column":51}},"40":{"start":{"line":68,"column":2},"end":{"line":68,"column":39}},"41":{"start":{"line":72,"column":2},"end":{"line":72,"column":89}},"42":{"start":{"line":72,"column":76},"end":{"line":72,"column":89}},"43":{"start":{"line":73,"column":2},"end":{"line":73,"column":38}},"44":{"start":{"line":77,"column":2},"end":{"line":77,"column":75}},"45":{"start":{"line":77,"column":62},"end":{"line":77,"column":75}},"46":{"start":{"line":78,"column":18},"end":{"line":78,"column":40}},"47":{"start":{"line":79,"column":17},"end":{"line":79,"column":38}},"48":{"start":{"line":80,"column":2},"end":{"line":84,"column":5}},"49":{"start":{"line":81,"column":21},"end":{"line":81,"column":46}},"50":{"start":{"line":82,"column":20},"end":{"line":82,"column":46}},"51":{"start":{"line":83,"column":4},"end":{"line":83,"column":50}},"52":{"start":{"line":89,"column":25},"end":{"line":89,"column":36}},"53":{"start":{"line":90,"column":25},"end":{"line":90,"column":36}},"54":{"start":{"line":91,"column":22},"end":{"line":91,"column":30}},"55":{"start":{"line":94,"column":2},"end":{"line":94,"column":52}},"56":{"start":{"line":94,"column":42},"end":{"line":94,"column":52}},"57":{"start":{"line":95,"column":19},"end":{"line":95,"column":32}},"58":{"start":{"line":96,"column":2},"end":{"line":96,"column":32}},"59":{"start":{"line":97,"column":2},"end":{"line":102,"column":5}},"60":{"start":{"line":98,"column":4},"end":{"line":98,"column":52}},"61":{"start":{"line":98,"column":39},"end":{"line":98,"column":52}},"62":{"start":{"line":99,"column":20},"end":{"line":99,"column":45}},"63":{"start":{"line":100,"column":4},"end":{"line":100,"column":33}},"64":{"start":{"line":101,"column":4},"end":{"line":101,"column":61}},"65":{"start":{"line":106,"column":2},"end":{"line":106,"column":27}},"66":{"start":{"line":106,"column":17},"end":{"line":106,"column":27}},"67":{"start":{"line":107,"column":2},"end":{"line":109,"column":4}},"68":{"start":{"line":108,"column":20},"end":{"line":108,"column":79}},"69":{"start":{"line":113,"column":2},"end":{"line":113,"column":79}},"70":{"start":{"line":113,"column":42},"end":{"line":113,"column":79}},"71":{"start":{"line":114,"column":2},"end":{"line":114,"column":14}},"72":{"start":{"line":120,"column":2},"end":{"line":120,"column":72}},"73":{"start":{"line":120,"column":16},"end":{"line":120,"column":72}},"74":{"start":{"line":121,"column":2},"end":{"line":123,"column":3}},"75":{"start":{"line":122,"column":4},"end":{"line":122,"column":54}},"76":{"start":{"line":124,"column":2},"end":{"line":126,"column":3}},"77":{"start":{"line":125,"column":4},"end":{"line":125,"column":60}},"78":{"start":{"line":127,"column":2},"end":{"line":127,"column":25}},"79":{"start":{"line":131,"column":21},"end":{"line":131,"column":50}},"80":{"start":{"line":132,"column":2},"end":{"line":134,"column":3}},"81":{"start":{"line":133,"column":4},"end":{"line":133,"column":50}},"82":{"start":{"line":135,"column":2},"end":{"line":135,"column":82}},"83":{"start":{"line":139,"column":13},"end":{"line":139,"column":35}},"84":{"start":{"line":140,"column":13},"end":{"line":140,"column":26}},"85":{"start":{"line":141,"column":2},"end":{"line":145,"column":4}},"86":{"start":{"line":150,"column":25},"end":{"line":175,"column":1}},"87":{"start":{"line":178,"column":2},"end":{"line":178,"column":27}},"88":{"start":{"line":178,"column":15},"end":{"line":178,"column":27}},"89":{"start":{"line":179,"column":2},"end":{"line":179,"column":42}},"90":{"start":{"line":183,"column":2},"end":{"line":183,"column":61}},"91":{"start":{"line":183,"column":51},"end":{"line":183,"column":61}},"92":{"start":{"line":184,"column":2},"end":{"line":184,"column":52}},"93":{"start":{"line":184,"column":33},"end":{"line":184,"column":50}},"94":{"start":{"line":188,"column":2},"end":{"line":188,"column":82}},"95":{"start":{"line":188,"column":69},"end":{"line":188,"column":82}},"96":{"start":{"line":189,"column":2},"end":{"line":189,"column":72}},"97":{"start":{"line":193,"column":2},"end":{"line":193,"column":47}},"98":{"start":{"line":193,"column":34},"end":{"line":193,"column":47}},"99":{"start":{"line":194,"column":22},"end":{"line":194,"column":56}},"100":{"start":{"line":194,"column":37},"end":{"line":194,"column":55}},"101":{"start":{"line":195,"column":2},"end":{"line":195,"column":52}},"102":{"start":{"line":201,"column":2},"end":{"line":201,"column":77}},"103":{"start":{"line":201,"column":54},"end":{"line":201,"column":77}},"104":{"start":{"line":202,"column":2},"end":{"line":202,"column":29}},"105":{"start":{"line":206,"column":2},"end":{"line":206,"column":29}},"106":{"start":{"line":206,"column":17},"end":{"line":206,"column":29}},"107":{"start":{"line":207,"column":2},"end":{"line":211,"column":4}},"108":{"start":{"line":215,"column":2},"end":{"line":215,"column":57}},"109":{"start":{"line":215,"column":47},"end":{"line":215,"column":57}},"110":{"start":{"line":216,"column":2},"end":{"line":216,"column":42}},"111":{"start":{"line":220,"column":2},"end":{"line":220,"column":82}},"112":{"start":{"line":220,"column":44},"end":{"line":220,"column":82}},"113":{"start":{"line":221,"column":2},"end":{"line":221,"column":14}},"114":{"start":{"line":227,"column":17},"end":{"line":227,"column":47}},"115":{"start":{"line":228,"column":2},"end":{"line":228,"column":20}},"116":{"start":{"line":232,"column":17},"end":{"line":232,"column":40}},"117":{"start":{"line":233,"column":17},"end":{"line":233,"column":40}},"118":{"start":{"line":234,"column":2},"end":{"line":234,"column":25}},"119":{"start":{"line":238,"column":2},"end":{"line":238,"column":36}},"120":{"start":{"line":238,"column":27},"end":{"line":238,"column":36}},"121":{"start":{"line":239,"column":2},"end":{"line":239,"column":47}},"122":{"start":{"line":243,"column":2},"end":{"line":245,"column":3}},"123":{"start":{"line":244,"column":4},"end":{"line":244,"column":61}},"124":{"start":{"line":246,"column":2},"end":{"line":248,"column":3}},"125":{"start":{"line":247,"column":4},"end":{"line":247,"column":61}},"126":{"start":{"line":249,"column":2},"end":{"line":249,"column":25}},"127":{"start":{"line":252,"column":0},"end":{"line":278,"column":2}}},"fnMap":{"0":{"name":"validarNombreMinimo","decl":{"start":{"line":3,"column":9},"end":{"line":3,"column":28}},"loc":{"start":{"line":3,"column":37},"end":{"line":6,"column":1}},"line":3},"1":{"name":"validarCamposHuesped","decl":{"start":{"line":8,"column":9},"end":{"line":8,"column":29}},"loc":{"start":{"line":8,"column":37},"end":{"line":25,"column":1}},"line":8},"2":{"name":"documentoYaRegistrado","decl":{"start":{"line":27,"column":9},"end":{"line":27,"column":30}},"loc":{"start":{"line":27,"column":49},"end":{"line":30,"column":1}},"line":27},"3":{"name":"(anonymous_3)","decl":{"start":{"line":29,"column":20},"end":{"line":29,"column":21}},"loc":{"start":{"line":29,"column":25},"end":{"line":29,"column":50}},"line":29},"4":{"name":"registrarHuespedEnLista","decl":{"start":{"line":32,"column":9},"end":{"line":32,"column":32}},"loc":{"start":{"line":32,"column":47},"end":{"line":43,"column":1}},"line":32},"5":{"name":"validarFechasReserva","decl":{"start":{"line":47,"column":9},"end":{"line":47,"column":29}},"loc":{"start":{"line":47,"column":57},"end":{"line":60,"column":1}},"line":47},"6":{"name":"calcularNoches","decl":{"start":{"line":64,"column":9},"end":{"line":64,"column":23}},"loc":{"start":{"line":64,"column":51},"end":{"line":69,"column":1}},"line":64},"7":{"name":"validarCapacidad","decl":{"start":{"line":71,"column":9},"end":{"line":71,"column":25}},"loc":{"start":{"line":71,"column":54},"end":{"line":74,"column":1}},"line":71},"8":{"name":"tieneConflictoFechas","decl":{"start":{"line":76,"column":9},"end":{"line":76,"column":29}},"loc":{"start":{"line":76,"column":77},"end":{"line":85,"column":1}},"line":76},"9":{"name":"(anonymous_9)","decl":{"start":{"line":80,"column":33},"end":{"line":80,"column":34}},"loc":{"start":{"line":80,"column":38},"end":{"line":84,"column":3}},"line":80},"10":{"name":"filtrarActivasYFuturas","decl":{"start":{"line":93,"column":9},"end":{"line":93,"column":31}},"loc":{"start":{"line":93,"column":47},"end":{"line":103,"column":1}},"line":93},"11":{"name":"(anonymous_11)","decl":{"start":{"line":97,"column":25},"end":{"line":97,"column":26}},"loc":{"start":{"line":97,"column":30},"end":{"line":102,"column":3}},"line":97},"12":{"name":"ordenarPorFechaIngreso","decl":{"start":{"line":105,"column":9},"end":{"line":105,"column":31}},"loc":{"start":{"line":105,"column":42},"end":{"line":110,"column":1}},"line":105},"13":{"name":"(anonymous_13)","decl":{"start":{"line":108,"column":4},"end":{"line":108,"column":5}},"loc":{"start":{"line":108,"column":20},"end":{"line":108,"column":79}},"line":108},"14":{"name":"mensajeListadoVacio","decl":{"start":{"line":112,"column":9},"end":{"line":112,"column":28}},"loc":{"start":{"line":112,"column":39},"end":{"line":115,"column":1}},"line":112},"15":{"name":"puedeRealizarCheckin","decl":{"start":{"line":119,"column":9},"end":{"line":119,"column":29}},"loc":{"start":{"line":119,"column":39},"end":{"line":128,"column":1}},"line":119},"16":{"name":"realizarCheckin","decl":{"start":{"line":130,"column":9},"end":{"line":130,"column":24}},"loc":{"start":{"line":130,"column":34},"end":{"line":136,"column":1}},"line":130},"17":{"name":"checkinEnFechaExacta","decl":{"start":{"line":138,"column":9},"end":{"line":138,"column":29}},"loc":{"start":{"line":138,"column":49},"end":{"line":146,"column":1}},"line":138},"18":{"name":"obtenerCaracteristicasTipo","decl":{"start":{"line":177,"column":9},"end":{"line":177,"column":35}},"loc":{"start":{"line":177,"column":44},"end":{"line":180,"column":1}},"line":177},"19":{"name":"listarVariacionesActivas","decl":{"start":{"line":182,"column":9},"end":{"line":182,"column":33}},"loc":{"start":{"line":182,"column":47},"end":{"line":185,"column":1}},"line":182},"20":{"name":"(anonymous_20)","decl":{"start":{"line":184,"column":28},"end":{"line":184,"column":29}},"loc":{"start":{"line":184,"column":33},"end":{"line":184,"column":50}},"line":184},"21":{"name":"validarVariacionSeleccionada","decl":{"start":{"line":187,"column":9},"end":{"line":187,"column":37}},"loc":{"start":{"line":187,"column":46},"end":{"line":190,"column":1}},"line":187},"22":{"name":"variacionesDistintas","decl":{"start":{"line":192,"column":9},"end":{"line":192,"column":29}},"loc":{"start":{"line":192,"column":37},"end":{"line":196,"column":1}},"line":192},"23":{"name":"(anonymous_23)","decl":{"start":{"line":194,"column":32},"end":{"line":194,"column":33}},"loc":{"start":{"line":194,"column":37},"end":{"line":194,"column":55}},"line":194},"24":{"name":"formatearTelefono","decl":{"start":{"line":200,"column":9},"end":{"line":200,"column":26}},"loc":{"start":{"line":200,"column":37},"end":{"line":203,"column":1}},"line":200},"25":{"name":"formatearContacto","decl":{"start":{"line":205,"column":9},"end":{"line":205,"column":26}},"loc":{"start":{"line":205,"column":37},"end":{"line":212,"column":1}},"line":205},"26":{"name":"listarContactos","decl":{"start":{"line":214,"column":9},"end":{"line":214,"column":24}},"loc":{"start":{"line":214,"column":36},"end":{"line":217,"column":1}},"line":214},"27":{"name":"mensajeContactosVacio","decl":{"start":{"line":219,"column":9},"end":{"line":219,"column":30}},"loc":{"start":{"line":219,"column":42},"end":{"line":222,"column":1}},"line":219},"28":{"name":"parsearHora","decl":{"start":{"line":226,"column":9},"end":{"line":226,"column":20}},"loc":{"start":{"line":226,"column":30},"end":{"line":229,"column":1}},"line":226},"29":{"name":"esSalidaTardia","decl":{"start":{"line":231,"column":9},"end":{"line":231,"column":23}},"loc":{"start":{"line":231,"column":48},"end":{"line":235,"column":1}},"line":231},"30":{"name":"calcularCargoLate","decl":{"start":{"line":237,"column":9},"end":{"line":237,"column":26}},"loc":{"start":{"line":237,"column":58},"end":{"line":240,"column":1}},"line":237},"31":{"name":"puedeRealizarCheckout","decl":{"start":{"line":242,"column":9},"end":{"line":242,"column":30}},"loc":{"start":{"line":242,"column":41},"end":{"line":250,"column":1}},"line":242}},"branchMap":{"0":{"loc":{"start":{"line":4,"column":2},"end":{"line":4,"column":58}},"type":"if","locations":[{"start":{"line":4,"column":2},"end":{"line":4,"column":58}},{"start":{},"end":{}}],"line":4},"1":{"loc":{"start":{"line":4,"column":6},"end":{"line":4,"column":43}},"type":"binary-expr","locations":[{"start":{"line":4,"column":6},"end":{"line":4,"column":13}},{"start":{"line":4,"column":17},"end":{"line":4,"column":43}}],"line":4},"2":{"loc":{"start":{"line":9,"column":2},"end":{"line":9,"column":66}},"type":"if","locations":[{"start":{"line":9,"column":2},"end":{"line":9,"column":66}},{"start":{},"end":{}}],"line":9},"3":{"loc":{"start":{"line":12,"column":2},"end":{"line":14,"column":3}},"type":"if","locations":[{"start":{"line":12,"column":2},"end":{"line":14,"column":3}},{"start":{},"end":{}}],"line":12},"4":{"loc":{"start":{"line":12,"column":6},"end":{"line":12,"column":41}},"type":"binary-expr","locations":[{"start":{"line":12,"column":6},"end":{"line":12,"column":13}},{"start":{"line":12,"column":17},"end":{"line":12,"column":41}}],"line":12},"5":{"loc":{"start":{"line":15,"column":2},"end":{"line":17,"column":3}},"type":"if","locations":[{"start":{"line":15,"column":2},"end":{"line":17,"column":3}},{"start":{},"end":{}}],"line":15},"6":{"loc":{"start":{"line":15,"column":6},"end":{"line":15,"column":43}},"type":"binary-expr","locations":[{"start":{"line":15,"column":6},"end":{"line":15,"column":16}},{"start":{"line":15,"column":20},"end":{"line":15,"column":43}}],"line":15},"7":{"loc":{"start":{"line":18,"column":2},"end":{"line":20,"column":3}},"type":"if","locations":[{"start":{"line":18,"column":2},"end":{"line":20,"column":3}},{"start":{},"end":{}}],"line":18},"8":{"loc":{"start":{"line":18,"column":6},"end":{"line":18,"column":41}},"type":"binary-expr","locations":[{"start":{"line":18,"column":6},"end":{"line":18,"column":15}},{"start":{"line":18,"column":19},"end":{"line":18,"column":41}}],"line":18},"9":{"loc":{"start":{"line":21,"column":2},"end":{"line":23,"column":3}},"type":"if","locations":[{"start":{"line":21,"column":2},"end":{"line":23,"column":3}},{"start":{},"end":{}}],"line":21},"10":{"loc":{"start":{"line":21,"column":6},"end":{"line":21,"column":37}},"type":"binary-expr","locations":[{"start":{"line":21,"column":6},"end":{"line":21,"column":13}},{"start":{"line":21,"column":17},"end":{"line":21,"column":37}}],"line":21},"11":{"loc":{"start":{"line":28,"column":2},"end":{"line":28,"column":52}},"type":"if","locations":[{"start":{"line":28,"column":2},"end":{"line":28,"column":52}},{"start":{},"end":{}}],"line":28},"12":{"loc":{"start":{"line":28,"column":6},"end":{"line":28,"column":37}},"type":"binary-expr","locations":[{"start":{"line":28,"column":6},"end":{"line":28,"column":12}},{"start":{"line":28,"column":16},"end":{"line":28,"column":37}}],"line":28},"13":{"loc":{"start":{"line":34,"column":2},"end":{"line":36,"column":3}},"type":"if","locations":[{"start":{"line":34,"column":2},"end":{"line":36,"column":3}},{"start":{},"end":{}}],"line":34},"14":{"loc":{"start":{"line":37,"column":2},"end":{"line":39,"column":3}},"type":"if","locations":[{"start":{"line":37,"column":2},"end":{"line":39,"column":3}},{"start":{},"end":{}}],"line":37},"15":{"loc":{"start":{"line":48,"column":2},"end":{"line":50,"column":3}},"type":"if","locations":[{"start":{"line":48,"column":2},"end":{"line":50,"column":3}},{"start":{},"end":{}}],"line":48},"16":{"loc":{"start":{"line":48,"column":6},"end":{"line":48,"column":35}},"type":"binary-expr","locations":[{"start":{"line":48,"column":6},"end":{"line":48,"column":19}},{"start":{"line":48,"column":23},"end":{"line":48,"column":35}}],"line":48},"17":{"loc":{"start":{"line":53,"column":2},"end":{"line":55,"column":3}},"type":"if","locations":[{"start":{"line":53,"column":2},"end":{"line":55,"column":3}},{"start":{},"end":{}}],"line":53},"18":{"loc":{"start":{"line":53,"column":6},"end":{"line":53,"column":57}},"type":"binary-expr","locations":[{"start":{"line":53,"column":6},"end":{"line":53,"column":30}},{"start":{"line":53,"column":34},"end":{"line":53,"column":57}}],"line":53},"19":{"loc":{"start":{"line":56,"column":2},"end":{"line":58,"column":3}},"type":"if","locations":[{"start":{"line":56,"column":2},"end":{"line":58,"column":3}},{"start":{},"end":{}}],"line":56},"20":{"loc":{"start":{"line":72,"column":2},"end":{"line":72,"column":89}},"type":"if","locations":[{"start":{"line":72,"column":2},"end":{"line":72,"column":89}},{"start":{},"end":{}}],"line":72},"21":{"loc":{"start":{"line":72,"column":6},"end":{"line":72,"column":74}},"type":"binary-expr","locations":[{"start":{"line":72,"column":6},"end":{"line":72,"column":38}},{"start":{"line":72,"column":42},"end":{"line":72,"column":74}}],"line":72},"22":{"loc":{"start":{"line":77,"column":2},"end":{"line":77,"column":75}},"type":"if","locations":[{"start":{"line":77,"column":2},"end":{"line":77,"column":75}},{"start":{},"end":{}}],"line":77},"23":{"loc":{"start":{"line":77,"column":6},"end":{"line":77,"column":60}},"type":"binary-expr","locations":[{"start":{"line":77,"column":6},"end":{"line":77,"column":25}},{"start":{"line":77,"column":29},"end":{"line":77,"column":60}}],"line":77},"24":{"loc":{"start":{"line":83,"column":11},"end":{"line":83,"column":49}},"type":"binary-expr","locations":[{"start":{"line":83,"column":11},"end":{"line":83,"column":28}},{"start":{"line":83,"column":32},"end":{"line":83,"column":49}}],"line":83},"25":{"loc":{"start":{"line":94,"column":2},"end":{"line":94,"column":52}},"type":"if","locations":[{"start":{"line":94,"column":2},"end":{"line":94,"column":52}},{"start":{},"end":{}}],"line":94},"26":{"loc":{"start":{"line":94,"column":6},"end":{"line":94,"column":40}},"type":"binary-expr","locations":[{"start":{"line":94,"column":6},"end":{"line":94,"column":15}},{"start":{"line":94,"column":19},"end":{"line":94,"column":40}}],"line":94},"27":{"loc":{"start":{"line":98,"column":4},"end":{"line":98,"column":52}},"type":"if","locations":[{"start":{"line":98,"column":4},"end":{"line":98,"column":52}},{"start":{},"end":{}}],"line":98},"28":{"loc":{"start":{"line":101,"column":11},"end":{"line":101,"column":60}},"type":"binary-expr","locations":[{"start":{"line":101,"column":11},"end":{"line":101,"column":30}},{"start":{"line":101,"column":34},"end":{"line":101,"column":60}}],"line":101},"29":{"loc":{"start":{"line":106,"column":2},"end":{"line":106,"column":27}},"type":"if","locations":[{"start":{"line":106,"column":2},"end":{"line":106,"column":27}},{"start":{},"end":{}}],"line":106},"30":{"loc":{"start":{"line":113,"column":2},"end":{"line":113,"column":79}},"type":"if","locations":[{"start":{"line":113,"column":2},"end":{"line":113,"column":79}},{"start":{},"end":{}}],"line":113},"31":{"loc":{"start":{"line":113,"column":6},"end":{"line":113,"column":40}},"type":"binary-expr","locations":[{"start":{"line":113,"column":6},"end":{"line":113,"column":15}},{"start":{"line":113,"column":19},"end":{"line":113,"column":40}}],"line":113},"32":{"loc":{"start":{"line":120,"column":2},"end":{"line":120,"column":72}},"type":"if","locations":[{"start":{"line":120,"column":2},"end":{"line":120,"column":72}},{"start":{},"end":{}}],"line":120},"33":{"loc":{"start":{"line":121,"column":2},"end":{"line":123,"column":3}},"type":"if","locations":[{"start":{"line":121,"column":2},"end":{"line":123,"column":3}},{"start":{},"end":{}}],"line":121},"34":{"loc":{"start":{"line":124,"column":2},"end":{"line":126,"column":3}},"type":"if","locations":[{"start":{"line":124,"column":2},"end":{"line":126,"column":3}},{"start":{},"end":{}}],"line":124},"35":{"loc":{"start":{"line":132,"column":2},"end":{"line":134,"column":3}},"type":"if","locations":[{"start":{"line":132,"column":2},"end":{"line":134,"column":3}},{"start":{},"end":{}}],"line":132},"36":{"loc":{"start":{"line":142,"column":4},"end":{"line":144,"column":33}},"type":"binary-expr","locations":[{"start":{"line":142,"column":4},"end":{"line":142,"column":41}},{"start":{"line":143,"column":4},"end":{"line":143,"column":35}},{"start":{"line":144,"column":4},"end":{"line":144,"column":33}}],"line":142},"37":{"loc":{"start":{"line":178,"column":2},"end":{"line":178,"column":27}},"type":"if","locations":[{"start":{"line":178,"column":2},"end":{"line":178,"column":27}},{"start":{},"end":{}}],"line":178},"38":{"loc":{"start":{"line":179,"column":9},"end":{"line":179,"column":41}},"type":"binary-expr","locations":[{"start":{"line":179,"column":9},"end":{"line":179,"column":33}},{"start":{"line":179,"column":37},"end":{"line":179,"column":41}}],"line":179},"39":{"loc":{"start":{"line":183,"column":2},"end":{"line":183,"column":61}},"type":"if","locations":[{"start":{"line":183,"column":2},"end":{"line":183,"column":61}},{"start":{},"end":{}}],"line":183},"40":{"loc":{"start":{"line":183,"column":6},"end":{"line":183,"column":49}},"type":"binary-expr","locations":[{"start":{"line":183,"column":6},"end":{"line":183,"column":18}},{"start":{"line":183,"column":22},"end":{"line":183,"column":49}}],"line":183},"41":{"loc":{"start":{"line":188,"column":2},"end":{"line":188,"column":82}},"type":"if","locations":[{"start":{"line":188,"column":2},"end":{"line":188,"column":82}},{"start":{},"end":{}}],"line":188},"42":{"loc":{"start":{"line":188,"column":6},"end":{"line":188,"column":67}},"type":"binary-expr","locations":[{"start":{"line":188,"column":6},"end":{"line":188,"column":13}},{"start":{"line":188,"column":17},"end":{"line":188,"column":43}},{"start":{"line":188,"column":47},"end":{"line":188,"column":67}}],"line":188},"43":{"loc":{"start":{"line":193,"column":2},"end":{"line":193,"column":47}},"type":"if","locations":[{"start":{"line":193,"column":2},"end":{"line":193,"column":47}},{"start":{},"end":{}}],"line":193},"44":{"loc":{"start":{"line":193,"column":6},"end":{"line":193,"column":32}},"type":"binary-expr","locations":[{"start":{"line":193,"column":6},"end":{"line":193,"column":12}},{"start":{"line":193,"column":16},"end":{"line":193,"column":32}}],"line":193},"45":{"loc":{"start":{"line":201,"column":2},"end":{"line":201,"column":77}},"type":"if","locations":[{"start":{"line":201,"column":2},"end":{"line":201,"column":77}},{"start":{},"end":{}}],"line":201},"46":{"loc":{"start":{"line":201,"column":6},"end":{"line":201,"column":52}},"type":"binary-expr","locations":[{"start":{"line":201,"column":6},"end":{"line":201,"column":15}},{"start":{"line":201,"column":19},"end":{"line":201,"column":52}}],"line":201},"47":{"loc":{"start":{"line":206,"column":2},"end":{"line":206,"column":29}},"type":"if","locations":[{"start":{"line":206,"column":2},"end":{"line":206,"column":29}},{"start":{},"end":{}}],"line":206},"48":{"loc":{"start":{"line":215,"column":2},"end":{"line":215,"column":57}},"type":"if","locations":[{"start":{"line":215,"column":2},"end":{"line":215,"column":57}},{"start":{},"end":{}}],"line":215},"49":{"loc":{"start":{"line":215,"column":6},"end":{"line":215,"column":45}},"type":"binary-expr","locations":[{"start":{"line":215,"column":6},"end":{"line":215,"column":16}},{"start":{"line":215,"column":20},"end":{"line":215,"column":45}}],"line":215},"50":{"loc":{"start":{"line":220,"column":2},"end":{"line":220,"column":82}},"type":"if","locations":[{"start":{"line":220,"column":2},"end":{"line":220,"column":82}},{"start":{},"end":{}}],"line":220},"51":{"loc":{"start":{"line":220,"column":6},"end":{"line":220,"column":42}},"type":"binary-expr","locations":[{"start":{"line":220,"column":6},"end":{"line":220,"column":16}},{"start":{"line":220,"column":20},"end":{"line":220,"column":42}}],"line":220},"52":{"loc":{"start":{"line":238,"column":2},"end":{"line":238,"column":36}},"type":"if","locations":[{"start":{"line":238,"column":2},"end":{"line":238,"column":36}},{"start":{},"end":{}}],"line":238},"53":{"loc":{"start":{"line":243,"column":2},"end":{"line":245,"column":3}},"type":"if","locations":[{"start":{"line":243,"column":2},"end":{"line":245,"column":3}},{"start":{},"end":{}}],"line":243},"54":{"loc":{"start":{"line":243,"column":6},"end":{"line":243,"column":46}},"type":"binary-expr","locations":[{"start":{"line":243,"column":6},"end":{"line":243,"column":15}},{"start":{"line":243,"column":19},"end":{"line":243,"column":46}}],"line":243},"55":{"loc":{"start":{"line":246,"column":2},"end":{"line":248,"column":3}},"type":"if","locations":[{"start":{"line":246,"column":2},"end":{"line":248,"column":3}},{"start":{},"end":{}}],"line":246}},"s":{"0":7,"1":3,"2":4,"3":9,"4":1,"5":8,"6":8,"7":2,"8":6,"9":1,"10":5,"11":1,"12":4,"13":1,"14":3,"15":46,"16":7,"17":39,"18":2551,"19":3,"20":3,"21":1,"22":2,"23":1,"24":1,"25":1,"26":1,"27":5,"28":1,"29":4,"30":4,"31":4,"32":1,"33":3,"34":2,"35":1,"36":2,"37":2,"38":2,"39":2,"40":2,"41":4,"42":1,"43":3,"44":3,"45":1,"46":2,"47":2,"48":2,"49":2,"50":2,"51":2,"52":2,"53":2,"54":2,"55":3,"56":2,"57":1,"58":1,"59":1,"60":2,"61":1,"62":1,"63":1,"64":1,"65":2,"66":1,"67":1,"68":1,"69":2,"70":1,"71":1,"72":6,"73":2,"74":4,"75":1,"76":3,"77":1,"78":2,"79":2,"80":2,"81":1,"82":1,"83":4,"84":4,"85":4,"86":2,"87":8,"88":3,"89":5,"90":2,"91":1,"92":1,"93":2,"94":3,"95":1,"96":2,"97":3,"98":1,"99":2,"100":4,"101":2,"102":5,"103":2,"104":3,"105":3,"106":1,"107":2,"108":2,"109":1,"110":1,"111":2,"112":1,"113":1,"114":6,"115":6,"116":3,"117":3,"118":3,"119":3,"120":2,"121":1,"122":3,"123":1,"124":2,"125":1,"126":1,"127":2},"f":{"0":7,"1":9,"2":46,"3":2551,"4":3,"5":5,"6":2,"7":4,"8":3,"9":2,"10":3,"11":2,"12":2,"13":1,"14":2,"15":6,"16":2,"17":4,"18":8,"19":2,"20":2,"21":3,"22":3,"23":4,"24":5,"25":3,"26":2,"27":2,"28":6,"29":3,"30":3,"31":3},"b":{"0":[3,4],"1":[7,5],"2":[1,8],"3":[2,6],"4":[8,6],"5":[1,5],"6":[6,5],"7":[1,4],"8":[5,4],"9":[1,3],"10":[4,3],"11":[7,39],"12":[46,43],"13":[1,2],"14":[1,1],"15":[1,4],"16":[5,4],"17":[1,3],"18":[4,3],"19":[2,1],"20":[1,3],"21":[4,3],"22":[1,2],"23":[3,3],"24":[2,1],"25":[2,1],"26":[3,2],"27":[1,1],"28":[1,0],"29":[1,1],"30":[1,1],"31":[2,2],"32":[2,4],"33":[1,3],"34":[1,2],"35":[1,1],"36":[4,3,2],"37":[3,5],"38":[5,1],"39":[1,1],"40":[2,1],"41":[1,2],"42":[3,2,2],"43":[1,2],"44":[3,3],"45":[2,3],"46":[5,3],"47":[1,2],"48":[1,1],"49":[2,1],"50":[1,1],"51":[2,2],"52":[2,1],"53":[1,2],"54":[3,2],"55":[1,1]},"_coverageSchema":"1a1c01bbd47fc00a2c39e90264f33305004495a9","hash":"d4bbaccdc2dbd97a33e4f629156e24f53a1aac2d"}
}
