TN:
SF:utils-calculos.js
FN:3,validarNombreMinimo
FN:8,validarCamposHuesped
FN:27,documentoYaRegistrado
FN:29,(anonymous_3)
FN:32,registrarHuespedEnLista
FN:47,validarFechasReserva
FN:62,calcularNoches
FN:69,validarCapacidad
FN:74,tieneConflictoFechas
FN:78,(anonymous_9)
FN:91,filtrarActivasYFuturas
FN:95,(anonymous_11)
FN:103,ordenarPorFechaIngreso
FN:106,(anonymous_13)
FN:110,mensajeListadoVacio
FN:117,puedeRealizarCheckin
FN:128,realizarCheckin
FN:136,checkinEnFechaExacta
FN:175,obtenerCaracteristicasTipo
FN:180,listarVariacionesActivas
FN:182,(anonymous_20)
FN:185,validarVariacionSeleccionada
FN:190,variacionesDistintas
FN:192,(anonymous_23)
FN:198,formatearTelefono
FN:203,formatearContacto
FN:212,listarContactos
FN:217,mensajeContactosVacio
FN:224,parsearHora
FN:229,esSalidaTardia
FN:235,calcularCargoLate
FN:240,puedeRealizarCheckout
FNF:32
FNH:32
FNDA:7,validarNombreMinimo
FNDA:9,validarCamposHuesped
FNDA:46,documentoYaRegistrado
FNDA:2551,(anonymous_3)
FNDA:3,registrarHuespedEnLista
FNDA:12,validarFechasReserva
FNDA:5,calcularNoches
FNDA:9,validarCapacidad
FNDA:11,tieneConflictoFechas
FNDA:11,(anonymous_9)
FNDA:3,filtrarActivasYFuturas
FNDA:2,(anonymous_11)
FNDA:2,ordenarPorFechaIngreso
FNDA:1,(anonymous_13)
FNDA:2,mensajeListadoVacio
FNDA:6,puedeRealizarCheckin
FNDA:2,realizarCheckin
FNDA:4,checkinEnFechaExacta
FNDA:8,obtenerCaracteristicasTipo
FNDA:2,listarVariacionesActivas
FNDA:2,(anonymous_20)
FNDA:3,validarVariacionSeleccionada
FNDA:3,variacionesDistintas
FNDA:4,(anonymous_23)
FNDA:5,formatearTelefono
FNDA:3,formatearContacto
FNDA:2,listarContactos
FNDA:2,mensajeContactosVacio
FNDA:6,parsearHora
FNDA:3,esSalidaTardia
FNDA:3,calcularCargoLate
FNDA:3,puedeRealizarCheckout
DA:4,7
DA:5,4
DA:9,9
DA:10,8
DA:12,8
DA:13,2
DA:15,6
DA:16,1
DA:18,5
DA:19,1
DA:21,4
DA:22,1
DA:24,3
DA:28,46
DA:29,2551
DA:33,3
DA:34,3
DA:35,1
DA:37,2
DA:38,1
DA:40,1
DA:41,1
DA:42,1
DA:48,12
DA:49,4
DA:51,8
DA:52,8
DA:53,8
DA:54,2
DA:56,6
DA:57,4
DA:59,2
DA:63,5
DA:64,5
DA:65,5
DA:66,5
DA:70,9
DA:71,6
DA:75,11
DA:76,8
DA:77,8
DA:78,8
DA:79,11
DA:80,11
DA:81,11
DA:87,3
DA:88,3
DA:89,3
DA:92,3
DA:93,1
DA:94,1
DA:95,1
DA:96,2
DA:97,1
DA:98,1
DA:99,1
DA:104,2
DA:105,1
DA:106,1
DA:111,2
DA:112,1
DA:118,6
DA:119,4
DA:120,1
DA:122,3
DA:123,1
DA:125,2
DA:129,2
DA:130,2
DA:131,1
DA:133,1
DA:137,4
DA:138,4
DA:139,4
DA:148,3
DA:176,8
DA:177,5
DA:181,2
DA:182,2
DA:186,3
DA:187,2
DA:191,3
DA:192,4
DA:193,2
DA:199,5
DA:200,3
DA:204,3
DA:205,2
DA:213,2
DA:214,1
DA:218,2
DA:219,1
DA:225,6
DA:226,6
DA:230,3
DA:231,3
DA:232,3
DA:236,3
DA:237,1
DA:241,3
DA:242,1
DA:244,2
DA:245,1
DA:247,1
DA:250,3
LF:105
LH:105
BRDA:4,0,0,3
BRDA:4,0,1,4
BRDA:4,1,0,7
BRDA:4,1,1,5
BRDA:9,2,0,1
BRDA:9,2,1,8
BRDA:12,3,0,2
BRDA:12,3,1,6
BRDA:12,4,0,8
BRDA:12,4,1,6
BRDA:15,5,0,1
BRDA:15,5,1,5
BRDA:15,6,0,6
BRDA:15,6,1,5
BRDA:18,7,0,1
BRDA:18,7,1,4
BRDA:18,8,0,5
BRDA:18,8,1,4
BRDA:21,9,0,1
BRDA:21,9,1,3
BRDA:21,10,0,4
BRDA:21,10,1,3
BRDA:28,11,0,7
BRDA:28,11,1,39
BRDA:28,12,0,46
BRDA:28,12,1,43
BRDA:34,13,0,1
BRDA:34,13,1,2
BRDA:37,14,0,1
BRDA:37,14,1,1
BRDA:48,15,0,4
BRDA:48,15,1,8
BRDA:48,16,0,12
BRDA:48,16,1,9
BRDA:53,17,0,2
BRDA:53,17,1,6
BRDA:53,18,0,8
BRDA:53,18,1,6
BRDA:56,19,0,4
BRDA:56,19,1,2
BRDA:70,20,0,3
BRDA:70,20,1,6
BRDA:70,21,0,9
BRDA:70,21,1,7
BRDA:75,22,0,3
BRDA:75,22,1,8
BRDA:75,23,0,11
BRDA:75,23,1,10
BRDA:81,24,0,11
BRDA:81,24,1,6
BRDA:92,25,0,2
BRDA:92,25,1,1
BRDA:92,26,0,3
BRDA:92,26,1,2
BRDA:96,27,0,1
BRDA:96,27,1,1
BRDA:99,28,0,1
BRDA:99,28,1,0
BRDA:104,29,0,1
BRDA:104,29,1,1
BRDA:111,30,0,1
BRDA:111,30,1,1
BRDA:111,31,0,2
BRDA:111,31,1,2
BRDA:118,32,0,2
BRDA:118,32,1,4
BRDA:119,33,0,1
BRDA:119,33,1,3
BRDA:122,34,0,1
BRDA:122,34,1,2
BRDA:130,35,0,1
BRDA:130,35,1,1
BRDA:140,36,0,4
BRDA:140,36,1,3
BRDA:140,36,2,2
BRDA:176,37,0,3
BRDA:176,37,1,5
BRDA:177,38,0,5
BRDA:177,38,1,1
BRDA:181,39,0,1
BRDA:181,39,1,1
BRDA:181,40,0,2
BRDA:181,40,1,1
BRDA:186,41,0,1
BRDA:186,41,1,2
BRDA:186,42,0,3
BRDA:186,42,1,2
BRDA:186,42,2,2
BRDA:191,43,0,1
BRDA:191,43,1,2
BRDA:191,44,0,3
BRDA:191,44,1,3
BRDA:199,45,0,2
BRDA:199,45,1,3
BRDA:199,46,0,5
BRDA:199,46,1,3
BRDA:204,47,0,1
BRDA:204,47,1,2
BRDA:213,48,0,1
BRDA:213,48,1,1
BRDA:213,49,0,2
BRDA:213,49,1,1
BRDA:218,50,0,1
BRDA:218,50,1,1
BRDA:218,51,0,2
BRDA:218,51,1,2
BRDA:236,52,0,2
BRDA:236,52,1,1
BRDA:241,53,0,1
BRDA:241,53,1,2
BRDA:241,54,0,3
BRDA:241,54,1,2
BRDA:244,55,0,1
BRDA:244,55,1,1
BRF:114
BRH:113
end_of_record
