TN:
SF:utils-calculos.js
FN:3,validarNombreMinimo
FN:8,validarCamposHuesped
FN:27,documentoYaRegistrado
FN:29,(anonymous_3)
FN:32,registrarHuespedEnLista
FN:47,validarFechasReserva
FN:64,calcularNoches
FN:71,validarCapacidad
FN:76,tieneConflictoFechas
FN:80,(anonymous_9)
FN:93,filtrarActivasYFuturas
FN:97,(anonymous_11)
FN:105,ordenarPorFechaIngreso
FN:108,(anonymous_13)
FN:112,mensajeListadoVacio
FN:119,puedeRealizarCheckin
FN:130,realizarCheckin
FN:138,checkinEnFechaExacta
FN:177,obtenerCaracteristicasTipo
FN:182,listarVariacionesActivas
FN:184,(anonymous_20)
FN:187,validarVariacionSeleccionada
FN:192,variacionesDistintas
FN:194,(anonymous_23)
FN:200,formatearTelefono
FN:205,formatearContacto
FN:214,listarContactos
FN:219,mensajeContactosVacio
FN:226,parsearHora
FN:231,esSalidaTardia
FN:237,calcularCargoLate
FN:242,puedeRealizarCheckout
FNF:32
FNH:32
FNDA:7,validarNombreMinimo
FNDA:9,validarCamposHuesped
FNDA:46,documentoYaRegistrado
FNDA:2551,(anonymous_3)
FNDA:3,registrarHuespedEnLista
FNDA:5,validarFechasReserva
FNDA:2,calcularNoches
FNDA:4,validarCapacidad
FNDA:3,tieneConflictoFechas
FNDA:2,(anonymous_9)
FNDA:3,filtrarActivasYFuturas
FNDA:2,(anonymous_11)
FNDA:2,ordenarPorFechaIngreso
FNDA:1,(anonymous_13)
FNDA:2,mensajeListadoVacio
FNDA:6,puedeRealizarCheckin
FNDA:2,realizarCheckin
FNDA:4,checkinEnFechaExacta
FNDA:8,obtenerCaracteristicasTipo
FNDA:2,listarVariacionesActivas
FNDA:2,(anonymous_20)
FNDA:3,validarVariacionSeleccionada
FNDA:3,variacionesDistintas
FNDA:4,(anonymous_23)
FNDA:5,formatearTelefono
FNDA:3,formatearContacto
FNDA:2,listarContactos
FNDA:2,mensajeContactosVacio
FNDA:6,parsearHora
FNDA:3,esSalidaTardia
FNDA:3,calcularCargoLate
FNDA:3,puedeRealizarCheckout
DA:4,7
DA:5,4
DA:9,9
DA:10,8
DA:12,8
DA:13,2
DA:15,6
DA:16,1
DA:18,5
DA:19,1
DA:21,4
DA:22,1
DA:24,3
DA:28,46
DA:29,2551
DA:33,3
DA:34,3
DA:35,1
DA:37,2
DA:38,1
DA:40,1
DA:41,1
DA:42,1
DA:48,5
DA:49,1
DA:51,4
DA:52,4
DA:53,4
DA:54,1
DA:56,3
DA:57,2
DA:59,1
DA:62,2
DA:65,2
DA:66,2
DA:67,2
DA:68,2
DA:72,4
DA:73,3
DA:77,3
DA:78,2
DA:79,2
DA:80,2
DA:81,2
DA:82,2
DA:83,2
DA:89,2
DA:90,2
DA:91,2
DA:94,3
DA:95,1
DA:96,1
DA:97,1
DA:98,2
DA:99,1
DA:100,1
DA:101,1
DA:106,2
DA:107,1
DA:108,1
DA:113,2
DA:114,1
DA:120,6
DA:121,4
DA:122,1
DA:124,3
DA:125,1
DA:127,2
DA:131,2
DA:132,2
DA:133,1
DA:135,1
DA:139,4
DA:140,4
DA:141,4
DA:150,2
DA:178,8
DA:179,5
DA:183,2
DA:184,2
DA:188,3
DA:189,2
DA:193,3
DA:194,4
DA:195,2
DA:201,5
DA:202,3
DA:206,3
DA:207,2
DA:215,2
DA:216,1
DA:220,2
DA:221,1
DA:227,6
DA:228,6
DA:232,3
DA:233,3
DA:234,3
DA:238,3
DA:239,1
DA:243,3
DA:244,1
DA:246,2
DA:247,1
DA:249,1
DA:252,2
LF:106
LH:106
BRDA:4,0,0,3
BRDA:4,0,1,4
BRDA:4,1,0,7
BRDA:4,1,1,5
BRDA:9,2,0,1
BRDA:9,2,1,8
BRDA:12,3,0,2
BRDA:12,3,1,6
BRDA:12,4,0,8
BRDA:12,4,1,6
BRDA:15,5,0,1
BRDA:15,5,1,5
BRDA:15,6,0,6
BRDA:15,6,1,5
BRDA:18,7,0,1
BRDA:18,7,1,4
BRDA:18,8,0,5
BRDA:18,8,1,4
BRDA:21,9,0,1
BRDA:21,9,1,3
BRDA:21,10,0,4
BRDA:21,10,1,3
BRDA:28,11,0,7
BRDA:28,11,1,39
BRDA:28,12,0,46
BRDA:28,12,1,43
BRDA:34,13,0,1
BRDA:34,13,1,2
BRDA:37,14,0,1
BRDA:37,14,1,1
BRDA:48,15,0,1
BRDA:48,15,1,4
BRDA:48,16,0,5
BRDA:48,16,1,4
BRDA:53,17,0,1
BRDA:53,17,1,3
BRDA:53,18,0,4
BRDA:53,18,1,3
BRDA:56,19,0,2
BRDA:56,19,1,1
BRDA:72,20,0,1
BRDA:72,20,1,3
BRDA:72,21,0,4
BRDA:72,21,1,3
BRDA:77,22,0,1
BRDA:77,22,1,2
BRDA:77,23,0,3
BRDA:77,23,1,3
BRDA:83,24,0,2
BRDA:83,24,1,1
BRDA:94,25,0,2
BRDA:94,25,1,1
BRDA:94,26,0,3
BRDA:94,26,1,2
BRDA:98,27,0,1
BRDA:98,27,1,1
BRDA:101,28,0,1
BRDA:101,28,1,0
BRDA:106,29,0,1
BRDA:106,29,1,1
BRDA:113,30,0,1
BRDA:113,30,1,1
BRDA:113,31,0,2
BRDA:113,31,1,2
BRDA:120,32,0,2
BRDA:120,32,1,4
BRDA:121,33,0,1
BRDA:121,33,1,3
BRDA:124,34,0,1
BRDA:124,34,1,2
BRDA:132,35,0,1
BRDA:132,35,1,1
BRDA:142,36,0,4
BRDA:142,36,1,3
BRDA:142,36,2,2
BRDA:178,37,0,3
BRDA:178,37,1,5
BRDA:179,38,0,5
BRDA:179,38,1,1
BRDA:183,39,0,1
BRDA:183,39,1,1
BRDA:183,40,0,2
BRDA:183,40,1,1
BRDA:188,41,0,1
BRDA:188,41,1,2
BRDA:188,42,0,3
BRDA:188,42,1,2
BRDA:188,42,2,2
BRDA:193,43,0,1
BRDA:193,43,1,2
BRDA:193,44,0,3
BRDA:193,44,1,3
BRDA:201,45,0,2
BRDA:201,45,1,3
BRDA:201,46,0,5
BRDA:201,46,1,3
BRDA:206,47,0,1
BRDA:206,47,1,2
BRDA:215,48,0,1
BRDA:215,48,1,1
BRDA:215,49,0,2
BRDA:215,49,1,1
BRDA:220,50,0,1
BRDA:220,50,1,1
BRDA:220,51,0,2
BRDA:220,51,1,2
BRDA:238,52,0,2
BRDA:238,52,1,1
BRDA:243,53,0,1
BRDA:243,53,1,2
BRDA:243,54,0,3
BRDA:243,54,1,2
BRDA:246,55,0,1
BRDA:246,55,1,1
BRF:114
BRH:113
end_of_record
